[1005/221638.719:ERROR:process_reader_win.cc(123)] NtOpenThread: {액세스 거부} 프로세스가 개체에 액세스를 요구했지만 액세스 권한이 없습니다. (0xc0000022)
[1005/221638.765:ERROR:exception_snapshot_win.cc(98)] thread ID 16656 not found in process
[1006/013446.652:ERROR:process_reader_win.cc(151)] SuspendThread: 액세스가 거부되었습니다. (0x5)
[1006/013446.663:ERROR:process_reader_win.cc(151)] SuspendThread: 액세스가 거부되었습니다. (0x5)
[1006/013446.663:ERROR:process_reader_win.cc(151)] SuspendThread: 액세스가 거부되었습니다. (0x5)
[1006/013446.663:ERROR:process_reader_win.cc(151)] SuspendThread: 액세스가 거부되었습니다. (0x5)
[1006/013446.663:ERROR:process_reader_win.cc(151)] SuspendThread: 액세스가 거부되었습니다. (0x5)
[1006/013446.663:ERROR:process_reader_win.cc(123)] NtOpenThread: 잘못된 클라이언트 ID가 지정되었습니다. (0xc000000b)
[1006/013446.664:ERROR:process_reader_win.cc(151)] SuspendThread: 액세스가 거부되었습니다. (0x5)
[1006/013446.664:ERROR:process_reader_win.cc(151)] SuspendThread: 액세스가 거부되었습니다. (0x5)
[1006/013446.664:ERROR:process_reader_win.cc(151)] SuspendThread: 액세스가 거부되었습니다. (0x5)
[1006/013446.664:ERROR:process_reader_win.cc(151)] SuspendThread: 액세스가 거부되었습니다. (0x5)
[1006/013446.664:ERROR:process_reader_win.cc(151)] SuspendThread: 액세스가 거부되었습니다. (0x5)
[1006/013446.664:ERROR:process_reader_win.cc(151)] SuspendThread: 액세스가 거부되었습니다. (0x5)
[1006/013446.664:ERROR:process_reader_win.cc(151)] SuspendThread: 액세스가 거부되었습니다. (0x5)
[1006/013446.664:ERROR:process_reader_win.cc(151)] SuspendThread: 액세스가 거부되었습니다. (0x5)
[1006/013446.665:ERROR:process_reader_win.cc(151)] SuspendThread: 액세스가 거부되었습니다. (0x5)
[1006/013446.665:ERROR:process_reader_win.cc(151)] SuspendThread: 액세스가 거부되었습니다. (0x5)
[1006/013446.665:ERROR:process_reader_win.cc(151)] SuspendThread: 액세스가 거부되었습니다. (0x5)
[1006/013446.665:ERROR:process_reader_win.cc(151)] SuspendThread: 액세스가 거부되었습니다. (0x5)
[1006/013446.665:ERROR:process_reader_win.cc(151)] SuspendThread: 액세스가 거부되었습니다. (0x5)
[1006/013446.665:ERROR:process_reader_win.cc(151)] SuspendThread: 액세스가 거부되었습니다. (0x5)
[1006/013446.665:ERROR:process_reader_win.cc(123)] NtOpenThread: {액세스 거부} 프로세스가 개체에 액세스를 요구했지만 액세스 권한이 없습니다. (0xc0000022)
[1006/013446.665:ERROR:exception_snapshot_win.cc(98)] thread ID 5520 not found in process
[1006/013954.875:ERROR:process_reader_win.cc(123)] NtOpenThread: {액세스 거부} 프로세스가 개체에 액세스를 요구했지만 액세스 권한이 없습니다. (0xc0000022)
[1006/013954.877:ERROR:exception_snapshot_win.cc(98)] thread ID 14328 not found in process
[1006/021400.089:ERROR:process_reader_win.cc(123)] NtOpenThread: {액세스 거부} 프로세스가 개체에 액세스를 요구했지만 액세스 권한이 없습니다. (0xc0000022)
[1006/021400.089:ERROR:exception_snapshot_win.cc(98)] thread ID 16708 not found in process
[1006/030634.613:ERROR:process_reader_win.cc(123)] NtOpenThread: {액세스 거부} 프로세스가 개체에 액세스를 요구했지만 액세스 권한이 없습니다. (0xc0000022)
[1006/030634.614:ERROR:exception_snapshot_win.cc(98)] thread ID 11408 not found in process
[1006/031018.474:ERROR:process_reader_win.cc(123)] NtOpenThread: {액세스 거부} 프로세스가 개체에 액세스를 요구했지만 액세스 권한이 없습니다. (0xc0000022)
[1006/031018.475:ERROR:exception_snapshot_win.cc(98)] thread ID 18784 not found in process
[1006/031115.020:ERROR:process_reader_win.cc(123)] NtOpenThread: {액세스 거부} 프로세스가 개체에 액세스를 요구했지만 액세스 권한이 없습니다. (0xc0000022)
[1006/031115.025:ERROR:exception_snapshot_win.cc(98)] thread ID 8212 not found in process
[1006/032915.936:ERROR:process_reader_win.cc(123)] NtOpenThread: {액세스 거부} 프로세스가 개체에 액세스를 요구했지만 액세스 권한이 없습니다. (0xc0000022)
[1006/032915.937:ERROR:exception_snapshot_win.cc(98)] thread ID 4720 not found in process
[1006/033005.340:ERROR:process_reader_win.cc(123)] NtOpenThread: {액세스 거부} 프로세스가 개체에 액세스를 요구했지만 액세스 권한이 없습니다. (0xc0000022)
[1006/033005.341:ERROR:exception_snapshot_win.cc(98)] thread ID 13664 not found in process
[1006/033038.851:ERROR:process_reader_win.cc(123)] NtOpenThread: {액세스 거부} 프로세스가 개체에 액세스를 요구했지만 액세스 권한이 없습니다. (0xc0000022)
[1006/033038.857:ERROR:exception_snapshot_win.cc(98)] thread ID 8168 not found in process
[1006/033234.930:ERROR:process_reader_win.cc(123)] NtOpenThread: {액세스 거부} 프로세스가 개체에 액세스를 요구했지만 액세스 권한이 없습니다. (0xc0000022)
[1006/033234.932:ERROR:exception_snapshot_win.cc(98)] thread ID 16856 not found in process
[1006/033931.389:ERROR:process_reader_win.cc(123)] NtOpenThread: {액세스 거부} 프로세스가 개체에 액세스를 요구했지만 액세스 권한이 없습니다. (0xc0000022)
[1006/033931.390:ERROR:exception_snapshot_win.cc(98)] thread ID 7656 not found in process
[1006/040726.619:ERROR:process_reader_win.cc(123)] NtOpenThread: {액세스 거부} 프로세스가 개체에 액세스를 요구했지만 액세스 권한이 없습니다. (0xc0000022)
[1006/040726.620:ERROR:exception_snapshot_win.cc(98)] thread ID 19132 not found in process
[1006/041132.267:ERROR:process_reader_win.cc(123)] NtOpenThread: {액세스 거부} 프로세스가 개체에 액세스를 요구했지만 액세스 권한이 없습니다. (0xc0000022)
[1006/041132.269:ERROR:exception_snapshot_win.cc(98)] thread ID 17268 not found in process
[1006/041247.115:ERROR:process_reader_win.cc(123)] NtOpenThread: {액세스 거부} 프로세스가 개체에 액세스를 요구했지만 액세스 권한이 없습니다. (0xc0000022)
[1006/041247.131:ERROR:exception_snapshot_win.cc(98)] thread ID 17676 not found in process
[1006/041316.527:ERROR:process_reader_win.cc(123)] NtOpenThread: {액세스 거부} 프로세스가 개체에 액세스를 요구했지만 액세스 권한이 없습니다. (0xc0000022)
[1006/041316.528:ERROR:exception_snapshot_win.cc(98)] thread ID 10272 not found in process
[1006/130715.078:ERROR:process_reader_win.cc(123)] NtOpenThread: {액세스 거부} 프로세스가 개체에 액세스를 요구했지만 액세스 권한이 없습니다. (0xc0000022)
[1006/130715.080:ERROR:exception_snapshot_win.cc(98)] thread ID 19896 not found in process
[1006/130715.088:ERROR:process_reader_win.cc(123)] NtOpenThread: {액세스 거부} 프로세스가 개체에 액세스를 요구했지만 액세스 권한이 없습니다. (0xc0000022)
[1006/130715.092:ERROR:exception_snapshot_win.cc(98)] thread ID 7200 not found in process
[1006/180539.071:ERROR:process_reader_win.cc(123)] NtOpenThread: {액세스 거부} 프로세스가 개체에 액세스를 요구했지만 액세스 권한이 없습니다. (0xc0000022)
[1006/180539.074:ERROR:exception_snapshot_win.cc(98)] thread ID 15856 not found in process
[1009/191541.816:ERROR:process_reader_win.cc(123)] NtOpenThread: {액세스 거부} 프로세스가 개체에 액세스를 요구했지만 액세스 권한이 없습니다. (0xc0000022)
[1009/191541.820:ERROR:exception_snapshot_win.cc(98)] thread ID 9996 not found in process
[1009/204246.409:ERROR:process_reader_win.cc(123)] NtOpenThread: {액세스 거부} 프로세스가 개체에 액세스를 요구했지만 액세스 권한이 없습니다. (0xc0000022)
[1009/204246.410:ERROR:exception_snapshot_win.cc(98)] thread ID 17020 not found in process
[1009/205255.141:ERROR:process_reader_win.cc(123)] NtOpenThread: {액세스 거부} 프로세스가 개체에 액세스를 요구했지만 액세스 권한이 없습니다. (0xc0000022)
[1009/205255.141:ERROR:exception_snapshot_win.cc(98)] thread ID 11568 not found in process
[1009/210013.488:ERROR:process_reader_win.cc(123)] NtOpenThread: {액세스 거부} 프로세스가 개체에 액세스를 요구했지만 액세스 권한이 없습니다. (0xc0000022)
[1009/210013.489:ERROR:exception_snapshot_win.cc(98)] thread ID 3868 not found in process
[1009/225015.130:ERROR:process_reader_win.cc(123)] NtOpenThread: {액세스 거부} 프로세스가 개체에 액세스를 요구했지만 액세스 권한이 없습니다. (0xc0000022)
[1009/225015.131:ERROR:exception_snapshot_win.cc(98)] thread ID 1592 not found in process
[1010/232630.725:ERROR:process_reader_win.cc(123)] NtOpenThread: {액세스 거부} 프로세스가 개체에 액세스를 요구했지만 액세스 권한이 없습니다. (0xc0000022)
[1010/232630.726:ERROR:exception_snapshot_win.cc(98)] thread ID 4000 not found in process
[1010/232630.741:ERROR:process_reader_win.cc(123)] NtOpenThread: {액세스 거부} 프로세스가 개체에 액세스를 요구했지만 액세스 권한이 없습니다. (0xc0000022)
[1010/232630.742:ERROR:exception_snapshot_win.cc(98)] thread ID 15368 not found in process
[1010/232819.233:ERROR:process_reader_win.cc(123)] NtOpenThread: {액세스 거부} 프로세스가 개체에 액세스를 요구했지만 액세스 권한이 없습니다. (0xc0000022)
[1010/232819.234:ERROR:exception_snapshot_win.cc(98)] thread ID 15480 not found in process
[1010/234439.016:ERROR:process_reader_win.cc(123)] NtOpenThread: {액세스 거부} 프로세스가 개체에 액세스를 요구했지만 액세스 권한이 없습니다. (0xc0000022)
[1010/234439.017:ERROR:exception_snapshot_win.cc(98)] thread ID 15584 not found in process
[1011/000823.150:ERROR:process_reader_win.cc(123)] NtOpenThread: {액세스 거부} 프로세스가 개체에 액세스를 요구했지만 액세스 권한이 없습니다. (0xc0000022)
[1011/000823.151:ERROR:exception_snapshot_win.cc(98)] thread ID 14500 not found in process
[1011/002750.492:ERROR:process_reader_win.cc(151)] SuspendThread: 액세스가 거부되었습니다. (0x5)
[1011/002750.493:ERROR:process_reader_win.cc(151)] SuspendThread: 액세스가 거부되었습니다. (0x5)
[1011/002750.493:ERROR:process_reader_win.cc(151)] SuspendThread: 액세스가 거부되었습니다. (0x5)
[1011/002750.493:ERROR:process_reader_win.cc(151)] SuspendThread: 액세스가 거부되었습니다. (0x5)
[1011/002750.493:ERROR:process_reader_win.cc(123)] NtOpenThread: {액세스 거부} 프로세스가 개체에 액세스를 요구했지만 액세스 권한이 없습니다. (0xc0000022)
[1011/002750.493:ERROR:exception_snapshot_win.cc(98)] thread ID 5836 not found in process
[1011/011453.010:ERROR:process_reader_win.cc(123)] NtOpenThread: {액세스 거부} 프로세스가 개체에 액세스를 요구했지만 액세스 권한이 없습니다. (0xc0000022)
[1011/011453.011:ERROR:exception_snapshot_win.cc(98)] thread ID 15916 not found in process
[1011/011852.008:ERROR:process_reader_win.cc(123)] NtOpenThread: {액세스 거부} 프로세스가 개체에 액세스를 요구했지만 액세스 권한이 없습니다. (0xc0000022)
[1011/011852.008:ERROR:exception_snapshot_win.cc(98)] thread ID 8448 not found in process
[1011/012011.115:ERROR:process_reader_win.cc(123)] NtOpenThread: {액세스 거부} 프로세스가 개체에 액세스를 요구했지만 액세스 권한이 없습니다. (0xc0000022)
[1011/012011.115:ERROR:exception_snapshot_win.cc(98)] thread ID 13668 not found in process
[1011/012202.203:ERROR:process_reader_win.cc(123)] NtOpenThread: {액세스 거부} 프로세스가 개체에 액세스를 요구했지만 액세스 권한이 없습니다. (0xc0000022)
[1011/012202.203:ERROR:exception_snapshot_win.cc(98)] thread ID 9676 not found in process
[1011/012331.177:ERROR:process_reader_win.cc(123)] NtOpenThread: {액세스 거부} 프로세스가 개체에 액세스를 요구했지만 액세스 권한이 없습니다. (0xc0000022)
[1011/012331.177:ERROR:exception_snapshot_win.cc(98)] thread ID 9204 not found in process
[1011/012450.388:ERROR:process_reader_win.cc(123)] NtOpenThread: {액세스 거부} 프로세스가 개체에 액세스를 요구했지만 액세스 권한이 없습니다. (0xc0000022)
[1011/012450.389:ERROR:exception_snapshot_win.cc(98)] thread ID 7936 not found in process
[1011/012606.392:ERROR:process_reader_win.cc(123)] NtOpenThread: {액세스 거부} 프로세스가 개체에 액세스를 요구했지만 액세스 권한이 없습니다. (0xc0000022)
[1011/012606.392:ERROR:exception_snapshot_win.cc(98)] thread ID 13484 not found in process
[1011/012741.462:ERROR:process_reader_win.cc(123)] NtOpenThread: {액세스 거부} 프로세스가 개체에 액세스를 요구했지만 액세스 권한이 없습니다. (0xc0000022)
[1011/012741.463:ERROR:exception_snapshot_win.cc(98)] thread ID 4484 not found in process
[1012/154312.660:ERROR:process_reader_win.cc(151)] SuspendThread: 액세스가 거부되었습니다. (0x5)
[1012/154312.678:ERROR:process_reader_win.cc(151)] SuspendThread: 액세스가 거부되었습니다. (0x5)
[1012/154312.678:ERROR:process_reader_win.cc(151)] SuspendThread: 액세스가 거부되었습니다. (0x5)
[1012/154312.678:ERROR:process_reader_win.cc(151)] SuspendThread: 액세스가 거부되었습니다. (0x5)
[1012/154312.678:ERROR:process_reader_win.cc(123)] NtOpenThread: {액세스 거부} 프로세스가 개체에 액세스를 요구했지만 액세스 권한이 없습니다. (0xc0000022)
[1012/154312.679:ERROR:exception_snapshot_win.cc(98)] thread ID 15344 not found in process
[1012/155500.479:ERROR:process_reader_win.cc(123)] NtOpenThread: {액세스 거부} 프로세스가 개체에 액세스를 요구했지만 액세스 권한이 없습니다. (0xc0000022)
[1012/155500.483:ERROR:exception_snapshot_win.cc(98)] thread ID 3904 not found in process
[1012/162412.876:ERROR:process_reader_win.cc(123)] NtOpenThread: {액세스 거부} 프로세스가 개체에 액세스를 요구했지만 액세스 권한이 없습니다. (0xc0000022)
[1012/162412.877:ERROR:exception_snapshot_win.cc(98)] thread ID 8168 not found in process
[1012/171531.212:ERROR:process_reader_win.cc(151)] SuspendThread: 액세스가 거부되었습니다. (0x5)
[1012/171531.215:ERROR:process_reader_win.cc(151)] SuspendThread: 액세스가 거부되었습니다. (0x5)
[1012/171531.215:ERROR:process_reader_win.cc(123)] NtOpenThread: {액세스 거부} 프로세스가 개체에 액세스를 요구했지만 액세스 권한이 없습니다. (0xc0000022)
[1012/171531.215:ERROR:exception_snapshot_win.cc(98)] thread ID 11616 not found in process
[1012/171531.317:ERROR:process_reader_win.cc(123)] NtOpenThread: {액세스 거부} 프로세스가 개체에 액세스를 요구했지만 액세스 권한이 없습니다. (0xc0000022)
[1012/171531.321:ERROR:exception_snapshot_win.cc(98)] thread ID 18068 not found in process
[1109/200158.545:ERROR:process_reader_win.cc(123)] NtOpenThread: {액세스 거부} 프로세스가 개체에 액세스를 요구했지만 액세스 권한이 없습니다. (0xc0000022)
[1109/200158.546:ERROR:exception_snapshot_win.cc(98)] thread ID 20256 not found in process
[1109/200233.751:ERROR:process_reader_win.cc(123)] NtOpenThread: {액세스 거부} 프로세스가 개체에 액세스를 요구했지만 액세스 권한이 없습니다. (0xc0000022)
[1109/200233.752:ERROR:exception_snapshot_win.cc(98)] thread ID 19736 not found in process
[1109/202159.427:ERROR:process_reader_win.cc(151)] SuspendThread: 액세스가 거부되었습니다. (0x5)
[1109/202159.429:ERROR:process_reader_win.cc(123)] NtOpenThread: {액세스 거부} 프로세스가 개체에 액세스를 요구했지만 액세스 권한이 없습니다. (0xc0000022)
[1109/202159.429:ERROR:exception_snapshot_win.cc(98)] thread ID 8888 not found in process
[1109/202216.300:ERROR:process_reader_win.cc(123)] NtOpenThread: {액세스 거부} 프로세스가 개체에 액세스를 요구했지만 액세스 권한이 없습니다. (0xc0000022)
[1109/202216.301:ERROR:exception_snapshot_win.cc(98)] thread ID 21384 not found in process
[1109/202547.552:ERROR:process_reader_win.cc(123)] NtOpenThread: {액세스 거부} 프로세스가 개체에 액세스를 요구했지만 액세스 권한이 없습니다. (0xc0000022)
[1109/202547.554:ERROR:exception_snapshot_win.cc(98)] thread ID 8140 not found in process
[1109/202924.189:ERROR:process_reader_win.cc(123)] NtOpenThread: {액세스 거부} 프로세스가 개체에 액세스를 요구했지만 액세스 권한이 없습니다. (0xc0000022)
[1109/202924.190:ERROR:exception_snapshot_win.cc(98)] thread ID 15456 not found in process
[1109/203147.424:ERROR:process_reader_win.cc(123)] NtOpenThread: {액세스 거부} 프로세스가 개체에 액세스를 요구했지만 액세스 권한이 없습니다. (0xc0000022)
[1109/203147.425:ERROR:exception_snapshot_win.cc(98)] thread ID 16804 not found in process
[1109/203240.045:ERROR:process_reader_win.cc(123)] NtOpenThread: {액세스 거부} 프로세스가 개체에 액세스를 요구했지만 액세스 권한이 없습니다. (0xc0000022)
[1109/203240.047:ERROR:exception_snapshot_win.cc(98)] thread ID 19164 not found in process
[1109/204349.359:ERROR:process_reader_win.cc(123)] NtOpenThread: {액세스 거부} 프로세스가 개체에 액세스를 요구했지만 액세스 권한이 없습니다. (0xc0000022)
[1109/204349.360:ERROR:exception_snapshot_win.cc(98)] thread ID 4408 not found in process
[1109/204559.614:ERROR:process_reader_win.cc(123)] NtOpenThread: {액세스 거부} 프로세스가 개체에 액세스를 요구했지만 액세스 권한이 없습니다. (0xc0000022)
[1109/204559.618:ERROR:exception_snapshot_win.cc(98)] thread ID 15784 not found in process
[1109/204934.961:ERROR:process_reader_win.cc(123)] NtOpenThread: {액세스 거부} 프로세스가 개체에 액세스를 요구했지만 액세스 권한이 없습니다. (0xc0000022)
[1109/204934.962:ERROR:exception_snapshot_win.cc(98)] thread ID 7476 not found in process
[1109/205017.184:ERROR:process_reader_win.cc(123)] NtOpenThread: {액세스 거부} 프로세스가 개체에 액세스를 요구했지만 액세스 권한이 없습니다. (0xc0000022)
[1109/205017.186:ERROR:exception_snapshot_win.cc(98)] thread ID 22148 not found in process
[1109/205451.998:ERROR:process_reader_win.cc(123)] NtOpenThread: {액세스 거부} 프로세스가 개체에 액세스를 요구했지만 액세스 권한이 없습니다. (0xc0000022)
[1109/205451.999:ERROR:exception_snapshot_win.cc(98)] thread ID 20216 not found in process
[1109/205527.354:ERROR:process_reader_win.cc(123)] NtOpenThread: {액세스 거부} 프로세스가 개체에 액세스를 요구했지만 액세스 권한이 없습니다. (0xc0000022)
[1109/205527.356:ERROR:exception_snapshot_win.cc(98)] thread ID 2116 not found in process
[1109/205811.553:ERROR:process_reader_win.cc(123)] NtOpenThread: {액세스 거부} 프로세스가 개체에 액세스를 요구했지만 액세스 권한이 없습니다. (0xc0000022)
[1109/205811.554:ERROR:exception_snapshot_win.cc(98)] thread ID 20816 not found in process
[1109/205828.976:ERROR:process_reader_win.cc(123)] NtOpenThread: {액세스 거부} 프로세스가 개체에 액세스를 요구했지만 액세스 권한이 없습니다. (0xc0000022)
[1109/205828.979:ERROR:exception_snapshot_win.cc(98)] thread ID 21392 not found in process
[1109/210422.638:ERROR:process_reader_win.cc(151)] SuspendThread: 액세스가 거부되었습니다. (0x5)
[1109/210422.639:ERROR:process_reader_win.cc(151)] SuspendThread: 액세스가 거부되었습니다. (0x5)
[1109/210422.639:ERROR:process_reader_win.cc(123)] NtOpenThread: {액세스 거부} 프로세스가 개체에 액세스를 요구했지만 액세스 권한이 없습니다. (0xc0000022)
[1109/210422.639:ERROR:exception_snapshot_win.cc(98)] thread ID 22328 not found in process
[1109/210455.461:ERROR:process_reader_win.cc(123)] NtOpenThread: {액세스 거부} 프로세스가 개체에 액세스를 요구했지만 액세스 권한이 없습니다. (0xc0000022)
[1109/210455.463:ERROR:exception_snapshot_win.cc(98)] thread ID 20904 not found in process
[1109/210537.382:ERROR:process_reader_win.cc(123)] NtOpenThread: {액세스 거부} 프로세스가 개체에 액세스를 요구했지만 액세스 권한이 없습니다. (0xc0000022)
[1109/210537.383:ERROR:exception_snapshot_win.cc(98)] thread ID 17004 not found in process
[1109/210610.094:ERROR:process_reader_win.cc(151)] SuspendThread: 액세스가 거부되었습니다. (0x5)
[1109/210610.096:ERROR:process_reader_win.cc(151)] SuspendThread: 액세스가 거부되었습니다. (0x5)
[1109/210610.096:ERROR:process_reader_win.cc(123)] NtOpenThread: {액세스 거부} 프로세스가 개체에 액세스를 요구했지만 액세스 권한이 없습니다. (0xc0000022)
[1109/210610.096:ERROR:exception_snapshot_win.cc(98)] thread ID 21000 not found in process
[1109/210711.454:ERROR:process_reader_win.cc(123)] NtOpenThread: {액세스 거부} 프로세스가 개체에 액세스를 요구했지만 액세스 권한이 없습니다. (0xc0000022)
[1109/210711.455:ERROR:exception_snapshot_win.cc(98)] thread ID 21208 not found in process
[1109/210728.930:ERROR:process_reader_win.cc(123)] NtOpenThread: {액세스 거부} 프로세스가 개체에 액세스를 요구했지만 액세스 권한이 없습니다. (0xc0000022)
[1109/210728.931:ERROR:exception_snapshot_win.cc(98)] thread ID 18128 not found in process
[1109/211924.908:ERROR:process_reader_win.cc(151)] SuspendThread: 액세스가 거부되었습니다. (0x5)
[1109/211924.910:ERROR:process_reader_win.cc(151)] SuspendThread: 액세스가 거부되었습니다. (0x5)
[1109/211924.910:ERROR:process_reader_win.cc(151)] SuspendThread: 액세스가 거부되었습니다. (0x5)
[1109/211924.910:ERROR:process_reader_win.cc(151)] SuspendThread: 액세스가 거부되었습니다. (0x5)
[1109/211924.910:ERROR:process_reader_win.cc(151)] SuspendThread: 액세스가 거부되었습니다. (0x5)
[1109/211924.910:ERROR:process_reader_win.cc(151)] SuspendThread: 액세스가 거부되었습니다. (0x5)
[1109/211924.910:ERROR:process_reader_win.cc(123)] NtOpenThread: {액세스 거부} 프로세스가 개체에 액세스를 요구했지만 액세스 권한이 없습니다. (0xc0000022)
[1109/211924.910:ERROR:exception_snapshot_win.cc(98)] thread ID 17496 not found in process
[1109/211924.912:ERROR:process_reader_win.cc(151)] SuspendThread: 액세스가 거부되었습니다. (0x5)
[1109/211924.914:ERROR:process_reader_win.cc(151)] SuspendThread: 액세스가 거부되었습니다. (0x5)
[1109/211924.914:ERROR:process_reader_win.cc(151)] SuspendThread: 액세스가 거부되었습니다. (0x5)
[1109/211924.914:ERROR:process_reader_win.cc(151)] SuspendThread: 액세스가 거부되었습니다. (0x5)
[1109/211924.914:ERROR:process_reader_win.cc(123)] NtOpenThread: {액세스 거부} 프로세스가 개체에 액세스를 요구했지만 액세스 권한이 없습니다. (0xc0000022)
[1109/211924.914:ERROR:exception_snapshot_win.cc(98)] thread ID 18020 not found in process
[1109/212014.026:ERROR:process_reader_win.cc(123)] NtOpenThread: {액세스 거부} 프로세스가 개체에 액세스를 요구했지만 액세스 권한이 없습니다. (0xc0000022)
[1109/212014.027:ERROR:exception_snapshot_win.cc(98)] thread ID 15016 not found in process
[1109/212319.042:ERROR:process_reader_win.cc(151)] SuspendThread: 액세스가 거부되었습니다. (0x5)
[1109/212319.043:ERROR:process_reader_win.cc(151)] SuspendThread: 액세스가 거부되었습니다. (0x5)
[1109/212319.043:ERROR:process_reader_win.cc(151)] SuspendThread: 액세스가 거부되었습니다. (0x5)
[1109/212319.043:ERROR:process_reader_win.cc(123)] NtOpenThread: {액세스 거부} 프로세스가 개체에 액세스를 요구했지만 액세스 권한이 없습니다. (0xc0000022)
[1109/212319.044:ERROR:exception_snapshot_win.cc(98)] thread ID 18128 not found in process
[1109/212334.744:ERROR:process_reader_win.cc(123)] NtOpenThread: {액세스 거부} 프로세스가 개체에 액세스를 요구했지만 액세스 권한이 없습니다. (0xc0000022)
[1109/212334.745:ERROR:exception_snapshot_win.cc(98)] thread ID 16532 not found in process
[1109/212406.289:ERROR:process_reader_win.cc(123)] NtOpenThread: {액세스 거부} 프로세스가 개체에 액세스를 요구했지만 액세스 권한이 없습니다. (0xc0000022)
[1109/212406.290:ERROR:exception_snapshot_win.cc(98)] thread ID 4704 not found in process
[1109/212419.719:ERROR:process_reader_win.cc(123)] NtOpenThread: {액세스 거부} 프로세스가 개체에 액세스를 요구했지만 액세스 권한이 없습니다. (0xc0000022)
[1109/212419.720:ERROR:exception_snapshot_win.cc(98)] thread ID 21768 not found in process
[1109/212554.396:ERROR:process_reader_win.cc(123)] NtOpenThread: {액세스 거부} 프로세스가 개체에 액세스를 요구했지만 액세스 권한이 없습니다. (0xc0000022)
[1109/212554.397:ERROR:exception_snapshot_win.cc(98)] thread ID 23404 not found in process
[1109/212617.543:ERROR:process_reader_win.cc(123)] NtOpenThread: {액세스 거부} 프로세스가 개체에 액세스를 요구했지만 액세스 권한이 없습니다. (0xc0000022)
[1109/212617.544:ERROR:exception_snapshot_win.cc(98)] thread ID 17384 not found in process
[1109/212950.099:ERROR:process_reader_win.cc(123)] NtOpenThread: {액세스 거부} 프로세스가 개체에 액세스를 요구했지만 액세스 권한이 없습니다. (0xc0000022)
[1109/212950.100:ERROR:exception_snapshot_win.cc(98)] thread ID 8980 not found in process
[1109/213035.363:ERROR:process_reader_win.cc(123)] NtOpenThread: {액세스 거부} 프로세스가 개체에 액세스를 요구했지만 액세스 권한이 없습니다. (0xc0000022)
[1109/213035.364:ERROR:exception_snapshot_win.cc(98)] thread ID 21276 not found in process
[1109/213115.306:ERROR:process_reader_win.cc(123)] NtOpenThread: {액세스 거부} 프로세스가 개체에 액세스를 요구했지만 액세스 권한이 없습니다. (0xc0000022)
[1109/213115.307:ERROR:exception_snapshot_win.cc(98)] thread ID 23440 not found in process
[1109/213136.792:ERROR:process_reader_win.cc(123)] NtOpenThread: {액세스 거부} 프로세스가 개체에 액세스를 요구했지만 액세스 권한이 없습니다. (0xc0000022)
[1109/213136.793:ERROR:exception_snapshot_win.cc(98)] thread ID 22644 not found in process
[1109/213304.717:ERROR:process_reader_win.cc(123)] NtOpenThread: {액세스 거부} 프로세스가 개체에 액세스를 요구했지만 액세스 권한이 없습니다. (0xc0000022)
[1109/213304.718:ERROR:exception_snapshot_win.cc(98)] thread ID 22296 not found in process
[1109/213345.489:ERROR:process_reader_win.cc(123)] NtOpenThread: {액세스 거부} 프로세스가 개체에 액세스를 요구했지만 액세스 권한이 없습니다. (0xc0000022)
[1109/213345.490:ERROR:exception_snapshot_win.cc(98)] thread ID 13852 not found in process
[1109/213404.144:ERROR:process_reader_win.cc(123)] NtOpenThread: {액세스 거부} 프로세스가 개체에 액세스를 요구했지만 액세스 권한이 없습니다. (0xc0000022)
[1109/213404.146:ERROR:exception_snapshot_win.cc(98)] thread ID 22240 not found in process
[1109/214425.100:ERROR:process_reader_win.cc(123)] NtOpenThread: {액세스 거부} 프로세스가 개체에 액세스를 요구했지만 액세스 권한이 없습니다. (0xc0000022)
[1109/214425.103:ERROR:exception_snapshot_win.cc(98)] thread ID 23040 not found in process
[1110/012118.101:ERROR:process_reader_win.cc(151)] SuspendThread: 액세스가 거부되었습니다. (0x5)
[1110/012118.113:ERROR:process_reader_win.cc(151)] SuspendThread: 액세스가 거부되었습니다. (0x5)
[1110/012118.113:ERROR:process_reader_win.cc(151)] SuspendThread: 액세스가 거부되었습니다. (0x5)
[1110/012118.113:ERROR:process_reader_win.cc(123)] NtOpenThread: {액세스 거부} 프로세스가 개체에 액세스를 요구했지만 액세스 권한이 없습니다. (0xc0000022)
[1110/012118.115:ERROR:exception_snapshot_win.cc(98)] thread ID 5352 not found in process
[1110/030044.437:ERROR:process_reader_win.cc(123)] NtOpenThread: {액세스 거부} 프로세스가 개체에 액세스를 요구했지만 액세스 권한이 없습니다. (0xc0000022)
[1110/030044.439:ERROR:exception_snapshot_win.cc(98)] thread ID 17472 not found in process
[1110/032353.502:ERROR:process_reader_win.cc(151)] SuspendThread: 액세스가 거부되었습니다. (0x5)
[1110/032353.504:ERROR:process_reader_win.cc(151)] SuspendThread: 액세스가 거부되었습니다. (0x5)
[1110/032353.505:ERROR:process_reader_win.cc(151)] SuspendThread: 액세스가 거부되었습니다. (0x5)
[1110/032353.505:ERROR:process_reader_win.cc(151)] SuspendThread: 액세스가 거부되었습니다. (0x5)
[1110/032353.505:ERROR:process_reader_win.cc(151)] SuspendThread: 액세스가 거부되었습니다. (0x5)
[1110/032353.505:ERROR:process_reader_win.cc(123)] NtOpenThread: {액세스 거부} 프로세스가 개체에 액세스를 요구했지만 액세스 권한이 없습니다. (0xc0000022)
[1110/032353.506:ERROR:exception_snapshot_win.cc(98)] thread ID 3292 not found in process
[1110/114759.120:ERROR:process_reader_win.cc(123)] NtOpenThread: {액세스 거부} 프로세스가 개체에 액세스를 요구했지만 액세스 권한이 없습니다. (0xc0000022)
[1110/114759.126:ERROR:exception_snapshot_win.cc(98)] thread ID 14872 not found in process
[1110/125203.340:ERROR:process_reader_win.cc(123)] NtOpenThread: {액세스 거부} 프로세스가 개체에 액세스를 요구했지만 액세스 권한이 없습니다. (0xc0000022)
[1110/125203.342:ERROR:exception_snapshot_win.cc(98)] thread ID 17220 not found in process
[1110/141232.512:ERROR:process_reader_win.cc(123)] NtOpenThread: {액세스 거부} 프로세스가 개체에 액세스를 요구했지만 액세스 권한이 없습니다. (0xc0000022)
[1110/141232.516:ERROR:exception_snapshot_win.cc(98)] thread ID 16260 not found in process
[1110/141423.400:ERROR:process_reader_win.cc(123)] NtOpenThread: {액세스 거부} 프로세스가 개체에 액세스를 요구했지만 액세스 권한이 없습니다. (0xc0000022)
[1110/141423.405:ERROR:exception_snapshot_win.cc(98)] thread ID 16776 not found in process
[1110/143642.002:ERROR:process_reader_win.cc(151)] SuspendThread: 액세스가 거부되었습니다. (0x5)
[1110/143642.004:ERROR:process_reader_win.cc(151)] SuspendThread: 액세스가 거부되었습니다. (0x5)
[1110/143642.004:ERROR:process_reader_win.cc(151)] SuspendThread: 액세스가 거부되었습니다. (0x5)
[1110/143642.004:ERROR:process_reader_win.cc(151)] SuspendThread: 액세스가 거부되었습니다. (0x5)
[1110/143642.004:ERROR:process_reader_win.cc(151)] SuspendThread: 액세스가 거부되었습니다. (0x5)
[1110/143642.004:ERROR:process_reader_win.cc(123)] NtOpenThread: {액세스 거부} 프로세스가 개체에 액세스를 요구했지만 액세스 권한이 없습니다. (0xc0000022)
[1110/143642.005:ERROR:exception_snapshot_win.cc(98)] thread ID 14224 not found in process
[1110/143748.391:ERROR:process_reader_win.cc(123)] NtOpenThread: {액세스 거부} 프로세스가 개체에 액세스를 요구했지만 액세스 권한이 없습니다. (0xc0000022)
[1110/143748.399:ERROR:exception_snapshot_win.cc(98)] thread ID 16272 not found in process
[1116/104405.928:ERROR:process_reader_win.cc(151)] SuspendThread: 액세스가 거부되었습니다. (0x5)
[1116/104405.934:ERROR:process_reader_win.cc(151)] SuspendThread: 액세스가 거부되었습니다. (0x5)
[1116/104405.935:ERROR:process_reader_win.cc(151)] SuspendThread: 액세스가 거부되었습니다. (0x5)
[1116/104405.935:ERROR:process_reader_win.cc(151)] SuspendThread: 액세스가 거부되었습니다. (0x5)
[1116/104405.935:ERROR:process_reader_win.cc(123)] NtOpenThread: {액세스 거부} 프로세스가 개체에 액세스를 요구했지만 액세스 권한이 없습니다. (0xc0000022)
[1116/104405.935:ERROR:exception_snapshot_win.cc(98)] thread ID 16296 not found in process
[1116/104439.123:ERROR:process_reader_win.cc(151)] SuspendThread: 액세스가 거부되었습니다. (0x5)
[1116/104439.124:ERROR:process_reader_win.cc(151)] SuspendThread: 액세스가 거부되었습니다. (0x5)
[1116/104439.124:ERROR:process_reader_win.cc(151)] SuspendThread: 액세스가 거부되었습니다. (0x5)
[1116/104439.124:ERROR:process_reader_win.cc(151)] SuspendThread: 액세스가 거부되었습니다. (0x5)
[1116/104439.124:ERROR:process_reader_win.cc(151)] SuspendThread: 액세스가 거부되었습니다. (0x5)
[1116/104439.124:ERROR:process_reader_win.cc(151)] SuspendThread: 액세스가 거부되었습니다. (0x5)
[1116/104439.124:ERROR:process_reader_win.cc(151)] SuspendThread: 액세스가 거부되었습니다. (0x5)
[1116/104439.124:ERROR:process_reader_win.cc(151)] SuspendThread: 액세스가 거부되었습니다. (0x5)
[1116/104439.125:ERROR:process_reader_win.cc(151)] SuspendThread: 액세스가 거부되었습니다. (0x5)
[1116/104439.125:ERROR:process_reader_win.cc(151)] SuspendThread: 액세스가 거부되었습니다. (0x5)
[1116/104439.125:ERROR:process_reader_win.cc(151)] SuspendThread: 액세스가 거부되었습니다. (0x5)
[1116/104439.125:ERROR:process_reader_win.cc(151)] SuspendThread: 액세스가 거부되었습니다. (0x5)
[1116/104439.125:ERROR:process_reader_win.cc(151)] SuspendThread: 액세스가 거부되었습니다. (0x5)
[1116/104439.125:ERROR:process_reader_win.cc(151)] SuspendThread: 액세스가 거부되었습니다. (0x5)
[1116/104439.125:ERROR:process_reader_win.cc(151)] SuspendThread: 액세스가 거부되었습니다. (0x5)
[1116/104439.125:ERROR:process_reader_win.cc(151)] SuspendThread: 액세스가 거부되었습니다. (0x5)
[1116/104439.125:ERROR:process_reader_win.cc(151)] SuspendThread: 액세스가 거부되었습니다. (0x5)
[1116/104439.125:ERROR:process_reader_win.cc(151)] SuspendThread: 액세스가 거부되었습니다. (0x5)
[1116/104439.125:ERROR:process_reader_win.cc(151)] SuspendThread: 액세스가 거부되었습니다. (0x5)
[1116/104439.125:ERROR:process_reader_win.cc(151)] SuspendThread: 액세스가 거부되었습니다. (0x5)
[1116/104439.125:ERROR:process_reader_win.cc(151)] SuspendThread: 액세스가 거부되었습니다. (0x5)
[1116/104439.125:ERROR:process_reader_win.cc(151)] SuspendThread: 액세스가 거부되었습니다. (0x5)
[1116/104439.125:ERROR:process_reader_win.cc(151)] SuspendThread: 액세스가 거부되었습니다. (0x5)
[1116/104439.125:ERROR:process_reader_win.cc(151)] SuspendThread: 액세스가 거부되었습니다. (0x5)
[1116/104439.125:ERROR:process_reader_win.cc(151)] SuspendThread: 액세스가 거부되었습니다. (0x5)
[1116/104439.125:ERROR:process_reader_win.cc(151)] SuspendThread: 액세스가 거부되었습니다. (0x5)
[1116/104439.125:ERROR:process_reader_win.cc(151)] SuspendThread: 액세스가 거부되었습니다. (0x5)
[1116/104439.125:ERROR:process_reader_win.cc(151)] SuspendThread: 액세스가 거부되었습니다. (0x5)
[1116/104439.125:ERROR:process_reader_win.cc(151)] SuspendThread: 액세스가 거부되었습니다. (0x5)
[1116/104439.125:ERROR:process_reader_win.cc(151)] SuspendThread: 액세스가 거부되었습니다. (0x5)
[1116/104439.125:ERROR:process_reader_win.cc(151)] SuspendThread: 액세스가 거부되었습니다. (0x5)
[1116/104439.125:ERROR:process_reader_win.cc(151)] SuspendThread: 액세스가 거부되었습니다. (0x5)
[1116/104439.125:ERROR:process_reader_win.cc(151)] SuspendThread: 액세스가 거부되었습니다. (0x5)
[1116/104439.125:ERROR:process_reader_win.cc(151)] SuspendThread: 액세스가 거부되었습니다. (0x5)
[1116/104439.126:ERROR:process_reader_win.cc(151)] SuspendThread: 액세스가 거부되었습니다. (0x5)
[1116/104439.126:ERROR:process_reader_win.cc(151)] SuspendThread: 액세스가 거부되었습니다. (0x5)
[1116/104439.126:ERROR:process_reader_win.cc(151)] SuspendThread: 액세스가 거부되었습니다. (0x5)
[1116/104439.126:ERROR:process_reader_win.cc(151)] SuspendThread: 액세스가 거부되었습니다. (0x5)
[1116/104439.126:ERROR:process_reader_win.cc(151)] SuspendThread: 액세스가 거부되었습니다. (0x5)
[1116/104439.126:ERROR:process_reader_win.cc(151)] SuspendThread: 액세스가 거부되었습니다. (0x5)
[1116/104439.126:ERROR:process_reader_win.cc(151)] SuspendThread: 액세스가 거부되었습니다. (0x5)
[1116/104439.126:ERROR:process_reader_win.cc(123)] NtOpenThread: {액세스 거부} 프로세스가 개체에 액세스를 요구했지만 액세스 권한이 없습니다. (0xc0000022)
[1116/104439.126:ERROR:exception_snapshot_win.cc(98)] thread ID 16360 not found in process
[1116/110918.790:ERROR:process_reader_win.cc(151)] SuspendThread: 액세스가 거부되었습니다. (0x5)
[1116/110918.791:ERROR:process_reader_win.cc(151)] SuspendThread: 액세스가 거부되었습니다. (0x5)
[1116/110918.791:ERROR:process_reader_win.cc(151)] SuspendThread: 액세스가 거부되었습니다. (0x5)
[1116/110918.791:ERROR:process_reader_win.cc(123)] NtOpenThread: {액세스 거부} 프로세스가 개체에 액세스를 요구했지만 액세스 권한이 없습니다. (0xc0000022)
[1116/110918.792:ERROR:exception_snapshot_win.cc(98)] thread ID 14588 not found in process
[1116/111003.139:ERROR:process_reader_win.cc(123)] NtOpenThread: {액세스 거부} 프로세스가 개체에 액세스를 요구했지만 액세스 권한이 없습니다. (0xc0000022)
[1116/111003.140:ERROR:exception_snapshot_win.cc(98)] thread ID 16944 not found in process
[1116/113039.266:ERROR:process_reader_win.cc(123)] NtOpenThread: {액세스 거부} 프로세스가 개체에 액세스를 요구했지만 액세스 권한이 없습니다. (0xc0000022)
[1116/113039.268:ERROR:exception_snapshot_win.cc(98)] thread ID 18224 not found in process
[1116/113159.833:ERROR:process_reader_win.cc(123)] NtOpenThread: {액세스 거부} 프로세스가 개체에 액세스를 요구했지만 액세스 권한이 없습니다. (0xc0000022)
[1116/113159.834:ERROR:exception_snapshot_win.cc(98)] thread ID 17828 not found in process
[1116/113434.461:ERROR:process_reader_win.cc(123)] NtOpenThread: {액세스 거부} 프로세스가 개체에 액세스를 요구했지만 액세스 권한이 없습니다. (0xc0000022)
[1116/113434.468:ERROR:exception_snapshot_win.cc(98)] thread ID 17776 not found in process
[1116/114005.113:ERROR:process_reader_win.cc(123)] NtOpenThread: {액세스 거부} 프로세스가 개체에 액세스를 요구했지만 액세스 권한이 없습니다. (0xc0000022)
[1116/114005.114:ERROR:exception_snapshot_win.cc(98)] thread ID 18408 not found in process
[1116/114049.851:ERROR:process_reader_win.cc(123)] NtOpenThread: {액세스 거부} 프로세스가 개체에 액세스를 요구했지만 액세스 권한이 없습니다. (0xc0000022)
[1116/114049.852:ERROR:exception_snapshot_win.cc(98)] thread ID 15280 not found in process
[1116/114902.795:ERROR:process_reader_win.cc(123)] NtOpenThread: {액세스 거부} 프로세스가 개체에 액세스를 요구했지만 액세스 권한이 없습니다. (0xc0000022)
[1116/114902.796:ERROR:exception_snapshot_win.cc(98)] thread ID 17096 not found in process
[1116/120622.571:ERROR:process_reader_win.cc(151)] SuspendThread: 액세스가 거부되었습니다. (0x5)
[1116/120622.576:ERROR:process_reader_win.cc(151)] SuspendThread: 액세스가 거부되었습니다. (0x5)
[1116/120622.576:ERROR:process_reader_win.cc(123)] NtOpenThread: {액세스 거부} 프로세스가 개체에 액세스를 요구했지만 액세스 권한이 없습니다. (0xc0000022)
[1116/120622.580:ERROR:exception_snapshot_win.cc(98)] thread ID 8544 not found in process
[1116/121020.891:ERROR:process_reader_win.cc(151)] SuspendThread: 액세스가 거부되었습니다. (0x5)
[1116/121020.892:ERROR:process_reader_win.cc(151)] SuspendThread: 액세스가 거부되었습니다. (0x5)
[1116/121020.893:ERROR:process_reader_win.cc(151)] SuspendThread: 액세스가 거부되었습니다. (0x5)
[1116/121020.893:ERROR:process_reader_win.cc(123)] NtOpenThread: {액세스 거부} 프로세스가 개체에 액세스를 요구했지만 액세스 권한이 없습니다. (0xc0000022)
[1116/121020.893:ERROR:exception_snapshot_win.cc(98)] thread ID 14236 not found in process
[1116/121401.416:ERROR:process_reader_win.cc(123)] NtOpenThread: {액세스 거부} 프로세스가 개체에 액세스를 요구했지만 액세스 권한이 없습니다. (0xc0000022)
[1116/121401.424:ERROR:exception_snapshot_win.cc(98)] thread ID 20200 not found in process
[1116/122146.598:ERROR:process_reader_win.cc(123)] NtOpenThread: {액세스 거부} 프로세스가 개체에 액세스를 요구했지만 액세스 권한이 없습니다. (0xc0000022)
[1116/122146.599:ERROR:exception_snapshot_win.cc(98)] thread ID 18536 not found in process
[1116/122840.916:ERROR:process_reader_win.cc(123)] NtOpenThread: {액세스 거부} 프로세스가 개체에 액세스를 요구했지만 액세스 권한이 없습니다. (0xc0000022)
[1116/122840.917:ERROR:exception_snapshot_win.cc(98)] thread ID 14316 not found in process
[1116/122908.870:ERROR:process_reader_win.cc(123)] NtOpenThread: {액세스 거부} 프로세스가 개체에 액세스를 요구했지만 액세스 권한이 없습니다. (0xc0000022)
[1116/122908.871:ERROR:exception_snapshot_win.cc(98)] thread ID 14512 not found in process
[1116/122935.697:ERROR:process_reader_win.cc(123)] NtOpenThread: {액세스 거부} 프로세스가 개체에 액세스를 요구했지만 액세스 권한이 없습니다. (0xc0000022)
[1116/122935.710:ERROR:exception_snapshot_win.cc(98)] thread ID 15864 not found in process
[1116/123012.971:ERROR:process_reader_win.cc(151)] SuspendThread: 액세스가 거부되었습니다. (0x5)
[1116/123012.972:ERROR:process_reader_win.cc(151)] SuspendThread: 액세스가 거부되었습니다. (0x5)
[1116/123012.972:ERROR:process_reader_win.cc(151)] SuspendThread: 액세스가 거부되었습니다. (0x5)
[1116/123012.972:ERROR:process_reader_win.cc(151)] SuspendThread: 액세스가 거부되었습니다. (0x5)
[1116/123012.972:ERROR:process_reader_win.cc(123)] NtOpenThread: {액세스 거부} 프로세스가 개체에 액세스를 요구했지만 액세스 권한이 없습니다. (0xc0000022)
[1116/123012.973:ERROR:exception_snapshot_win.cc(98)] thread ID 3364 not found in process
[1116/123226.213:ERROR:process_reader_win.cc(151)] SuspendThread: 액세스가 거부되었습니다. (0x5)
[1116/123226.214:ERROR:process_reader_win.cc(151)] SuspendThread: 액세스가 거부되었습니다. (0x5)
[1116/123226.214:ERROR:process_reader_win.cc(151)] SuspendThread: 액세스가 거부되었습니다. (0x5)
[1116/123226.214:ERROR:process_reader_win.cc(151)] SuspendThread: 액세스가 거부되었습니다. (0x5)
[1116/123226.214:ERROR:process_reader_win.cc(123)] NtOpenThread: {액세스 거부} 프로세스가 개체에 액세스를 요구했지만 액세스 권한이 없습니다. (0xc0000022)
[1116/123226.240:ERROR:exception_snapshot_win.cc(98)] thread ID 14344 not found in process
[1116/124115.027:ERROR:process_reader_win.cc(123)] NtOpenThread: {액세스 거부} 프로세스가 개체에 액세스를 요구했지만 액세스 권한이 없습니다. (0xc0000022)
[1116/124115.029:ERROR:exception_snapshot_win.cc(98)] thread ID 20260 not found in process
[1116/124319.784:ERROR:process_reader_win.cc(123)] NtOpenThread: {액세스 거부} 프로세스가 개체에 액세스를 요구했지만 액세스 권한이 없습니다. (0xc0000022)
[1116/124319.786:ERROR:exception_snapshot_win.cc(98)] thread ID 3124 not found in process
[1116/124351.044:ERROR:process_reader_win.cc(151)] SuspendThread: 액세스가 거부되었습니다. (0x5)
[1116/124351.046:ERROR:process_reader_win.cc(151)] SuspendThread: 액세스가 거부되었습니다. (0x5)
[1116/124351.046:ERROR:process_reader_win.cc(151)] SuspendThread: 액세스가 거부되었습니다. (0x5)
[1116/124351.046:ERROR:process_reader_win.cc(151)] SuspendThread: 액세스가 거부되었습니다. (0x5)
[1116/124351.046:ERROR:process_reader_win.cc(123)] NtOpenThread: {액세스 거부} 프로세스가 개체에 액세스를 요구했지만 액세스 권한이 없습니다. (0xc0000022)
[1116/124351.046:ERROR:exception_snapshot_win.cc(98)] thread ID 19076 not found in process
[1116/130636.862:ERROR:process_reader_win.cc(123)] NtOpenThread: {액세스 거부} 프로세스가 개체에 액세스를 요구했지만 액세스 권한이 없습니다. (0xc0000022)
[1116/130636.863:ERROR:exception_snapshot_win.cc(98)] thread ID 16184 not found in process
[1116/130746.490:ERROR:process_reader_win.cc(123)] NtOpenThread: {액세스 거부} 프로세스가 개체에 액세스를 요구했지만 액세스 권한이 없습니다. (0xc0000022)
[1116/130746.491:ERROR:exception_snapshot_win.cc(98)] thread ID 20084 not found in process
[1116/130823.290:ERROR:process_reader_win.cc(123)] NtOpenThread: {액세스 거부} 프로세스가 개체에 액세스를 요구했지만 액세스 권한이 없습니다. (0xc0000022)
[1116/130823.291:ERROR:exception_snapshot_win.cc(98)] thread ID 1484 not found in process
[1116/130945.708:ERROR:process_reader_win.cc(123)] NtOpenThread: {액세스 거부} 프로세스가 개체에 액세스를 요구했지만 액세스 권한이 없습니다. (0xc0000022)
[1116/130945.709:ERROR:exception_snapshot_win.cc(98)] thread ID 19868 not found in process
[1116/131031.720:ERROR:process_reader_win.cc(123)] NtOpenThread: {액세스 거부} 프로세스가 개체에 액세스를 요구했지만 액세스 권한이 없습니다. (0xc0000022)
[1116/131031.721:ERROR:exception_snapshot_win.cc(98)] thread ID 18924 not found in process
[1116/131305.255:ERROR:process_reader_win.cc(123)] NtOpenThread: {액세스 거부} 프로세스가 개체에 액세스를 요구했지만 액세스 권한이 없습니다. (0xc0000022)
[1116/131305.256:ERROR:exception_snapshot_win.cc(98)] thread ID 17916 not found in process
[1116/131357.388:ERROR:process_reader_win.cc(123)] NtOpenThread: {액세스 거부} 프로세스가 개체에 액세스를 요구했지만 액세스 권한이 없습니다. (0xc0000022)
[1116/131357.389:ERROR:exception_snapshot_win.cc(98)] thread ID 16872 not found in process
[1116/131521.410:ERROR:process_reader_win.cc(123)] NtOpenThread: {액세스 거부} 프로세스가 개체에 액세스를 요구했지만 액세스 권한이 없습니다. (0xc0000022)
[1116/131521.412:ERROR:exception_snapshot_win.cc(98)] thread ID 1532 not found in process
[1116/131800.067:ERROR:process_reader_win.cc(123)] NtOpenThread: {액세스 거부} 프로세스가 개체에 액세스를 요구했지만 액세스 권한이 없습니다. (0xc0000022)
[1116/131800.068:ERROR:exception_snapshot_win.cc(98)] thread ID 1648 not found in process
[1116/131835.766:ERROR:process_reader_win.cc(123)] NtOpenThread: {액세스 거부} 프로세스가 개체에 액세스를 요구했지만 액세스 권한이 없습니다. (0xc0000022)
[1116/131835.768:ERROR:exception_snapshot_win.cc(98)] thread ID 9616 not found in process
[1116/132224.472:ERROR:process_reader_win.cc(123)] NtOpenThread: {액세스 거부} 프로세스가 개체에 액세스를 요구했지만 액세스 권한이 없습니다. (0xc0000022)
[1116/132224.474:ERROR:exception_snapshot_win.cc(98)] thread ID 20120 not found in process
[1116/132312.712:ERROR:process_reader_win.cc(123)] NtOpenThread: {액세스 거부} 프로세스가 개체에 액세스를 요구했지만 액세스 권한이 없습니다. (0xc0000022)
[1116/132312.725:ERROR:exception_snapshot_win.cc(98)] thread ID 17612 not found in process
[1116/132346.253:ERROR:process_reader_win.cc(123)] NtOpenThread: {액세스 거부} 프로세스가 개체에 액세스를 요구했지만 액세스 권한이 없습니다. (0xc0000022)
[1116/132346.254:ERROR:exception_snapshot_win.cc(98)] thread ID 16236 not found in process
[1116/132459.516:ERROR:process_reader_win.cc(123)] NtOpenThread: {액세스 거부} 프로세스가 개체에 액세스를 요구했지만 액세스 권한이 없습니다. (0xc0000022)
[1116/132459.518:ERROR:exception_snapshot_win.cc(98)] thread ID 9852 not found in process
[1116/132719.912:ERROR:process_reader_win.cc(123)] NtOpenThread: {액세스 거부} 프로세스가 개체에 액세스를 요구했지만 액세스 권한이 없습니다. (0xc0000022)
[1116/132719.913:ERROR:exception_snapshot_win.cc(98)] thread ID 6548 not found in process
[1116/132828.731:ERROR:process_reader_win.cc(123)] NtOpenThread: {액세스 거부} 프로세스가 개체에 액세스를 요구했지만 액세스 권한이 없습니다. (0xc0000022)
[1116/132828.732:ERROR:exception_snapshot_win.cc(98)] thread ID 18776 not found in process
[1116/132910.634:ERROR:process_reader_win.cc(123)] NtOpenThread: {액세스 거부} 프로세스가 개체에 액세스를 요구했지만 액세스 권한이 없습니다. (0xc0000022)
[1116/132910.635:ERROR:exception_snapshot_win.cc(98)] thread ID 6912 not found in process
[1116/133121.216:ERROR:process_reader_win.cc(123)] NtOpenThread: {액세스 거부} 프로세스가 개체에 액세스를 요구했지만 액세스 권한이 없습니다. (0xc0000022)
[1116/133121.220:ERROR:exception_snapshot_win.cc(98)] thread ID 11276 not found in process
[1116/133121.220:ERROR:process_reader_win.cc(123)] NtOpenThread: {액세스 거부} 프로세스가 개체에 액세스를 요구했지만 액세스 권한이 없습니다. (0xc0000022)
[1116/133121.221:ERROR:exception_snapshot_win.cc(98)] thread ID 16464 not found in process
[1116/134959.315:ERROR:process_reader_win.cc(123)] NtOpenThread: {액세스 거부} 프로세스가 개체에 액세스를 요구했지만 액세스 권한이 없습니다. (0xc0000022)
[1116/134959.318:ERROR:exception_snapshot_win.cc(98)] thread ID 11892 not found in process
[1116/135138.306:ERROR:process_reader_win.cc(123)] NtOpenThread: {액세스 거부} 프로세스가 개체에 액세스를 요구했지만 액세스 권한이 없습니다. (0xc0000022)
[1116/135138.308:ERROR:exception_snapshot_win.cc(98)] thread ID 2700 not found in process
[1116/135326.859:ERROR:process_reader_win.cc(123)] NtOpenThread: {액세스 거부} 프로세스가 개체에 액세스를 요구했지만 액세스 권한이 없습니다. (0xc0000022)
[1116/135326.864:ERROR:exception_snapshot_win.cc(98)] thread ID 15556 not found in process
[1116/135326.863:ERROR:process_reader_win.cc(123)] NtOpenThread: {액세스 거부} 프로세스가 개체에 액세스를 요구했지만 액세스 권한이 없습니다. (0xc0000022)
[1116/135326.864:ERROR:exception_snapshot_win.cc(98)] thread ID 18340 not found in process
[1116/135831.532:ERROR:process_reader_win.cc(123)] NtOpenThread: {액세스 거부} 프로세스가 개체에 액세스를 요구했지만 액세스 권한이 없습니다. (0xc0000022)
[1116/135831.538:ERROR:exception_snapshot_win.cc(98)] thread ID 15460 not found in process
[1116/140053.623:ERROR:process_reader_win.cc(123)] NtOpenThread: {액세스 거부} 프로세스가 개체에 액세스를 요구했지만 액세스 권한이 없습니다. (0xc0000022)
[1116/140053.629:ERROR:exception_snapshot_win.cc(98)] thread ID 20824 not found in process
[1116/140125.915:ERROR:process_reader_win.cc(123)] NtOpenThread: {액세스 거부} 프로세스가 개체에 액세스를 요구했지만 액세스 권한이 없습니다. (0xc0000022)
[1116/140125.917:ERROR:exception_snapshot_win.cc(98)] thread ID 20628 not found in process
[1116/140227.373:ERROR:process_reader_win.cc(123)] NtOpenThread: {액세스 거부} 프로세스가 개체에 액세스를 요구했지만 액세스 권한이 없습니다. (0xc0000022)
[1116/140227.379:ERROR:exception_snapshot_win.cc(98)] thread ID 15312 not found in process
[1116/140257.845:ERROR:process_reader_win.cc(123)] NtOpenThread: {액세스 거부} 프로세스가 개체에 액세스를 요구했지만 액세스 권한이 없습니다. (0xc0000022)
[1116/140257.846:ERROR:exception_snapshot_win.cc(98)] thread ID 20992 not found in process
[1116/140553.283:ERROR:process_reader_win.cc(123)] NtOpenThread: {액세스 거부} 프로세스가 개체에 액세스를 요구했지만 액세스 권한이 없습니다. (0xc0000022)
[1116/140553.285:ERROR:exception_snapshot_win.cc(98)] thread ID 12124 not found in process
[1116/140812.442:ERROR:process_reader_win.cc(123)] NtOpenThread: {액세스 거부} 프로세스가 개체에 액세스를 요구했지만 액세스 권한이 없습니다. (0xc0000022)
[1116/140812.452:ERROR:exception_snapshot_win.cc(98)] thread ID 14236 not found in process
[1116/140936.707:ERROR:process_reader_win.cc(123)] NtOpenThread: {액세스 거부} 프로세스가 개체에 액세스를 요구했지만 액세스 권한이 없습니다. (0xc0000022)
[1116/140936.709:ERROR:exception_snapshot_win.cc(98)] thread ID 21780 not found in process
[1116/141039.652:ERROR:process_reader_win.cc(123)] NtOpenThread: {액세스 거부} 프로세스가 개체에 액세스를 요구했지만 액세스 권한이 없습니다. (0xc0000022)
[1116/141039.654:ERROR:exception_snapshot_win.cc(98)] thread ID 22376 not found in process
[1116/141300.551:ERROR:process_reader_win.cc(123)] NtOpenThread: {액세스 거부} 프로세스가 개체에 액세스를 요구했지만 액세스 권한이 없습니다. (0xc0000022)
[1116/141300.553:ERROR:exception_snapshot_win.cc(98)] thread ID 21844 not found in process
[1116/141904.531:ERROR:process_reader_win.cc(151)] SuspendThread: 액세스가 거부되었습니다. (0x5)
[1116/141904.533:ERROR:process_reader_win.cc(151)] SuspendThread: 액세스가 거부되었습니다. (0x5)
[1116/141904.533:ERROR:process_reader_win.cc(123)] NtOpenThread: {액세스 거부} 프로세스가 개체에 액세스를 요구했지만 액세스 권한이 없습니다. (0xc0000022)
[1116/141904.533:ERROR:exception_snapshot_win.cc(98)] thread ID 21644 not found in process
[1116/141904.535:ERROR:process_reader_win.cc(151)] SuspendThread: 액세스가 거부되었습니다. (0x5)
[1116/141904.536:ERROR:process_reader_win.cc(151)] SuspendThread: 액세스가 거부되었습니다. (0x5)
[1116/141904.536:ERROR:process_reader_win.cc(151)] SuspendThread: 액세스가 거부되었습니다. (0x5)
[1116/141904.536:ERROR:process_reader_win.cc(123)] NtOpenThread: {액세스 거부} 프로세스가 개체에 액세스를 요구했지만 액세스 권한이 없습니다. (0xc0000022)
[1116/141904.537:ERROR:exception_snapshot_win.cc(98)] thread ID 21636 not found in process
[1116/141944.438:ERROR:process_reader_win.cc(123)] NtOpenThread: {액세스 거부} 프로세스가 개체에 액세스를 요구했지만 액세스 권한이 없습니다. (0xc0000022)
[1116/141944.439:ERROR:exception_snapshot_win.cc(98)] thread ID 9496 not found in process
[1116/142840.727:ERROR:process_reader_win.cc(123)] NtOpenThread: {액세스 거부} 프로세스가 개체에 액세스를 요구했지만 액세스 권한이 없습니다. (0xc0000022)
[1116/142840.728:ERROR:exception_snapshot_win.cc(98)] thread ID 21744 not found in process
[1116/143121.496:ERROR:process_reader_win.cc(151)] SuspendThread: 액세스가 거부되었습니다. (0x5)
[1116/143121.500:ERROR:process_reader_win.cc(151)] SuspendThread: 액세스가 거부되었습니다. (0x5)
[1116/143121.500:ERROR:process_reader_win.cc(151)] SuspendThread: 액세스가 거부되었습니다. (0x5)
[1116/143121.500:ERROR:process_reader_win.cc(151)] SuspendThread: 액세스가 거부되었습니다. (0x5)
[1116/143121.500:ERROR:process_reader_win.cc(123)] NtOpenThread: {액세스 거부} 프로세스가 개체에 액세스를 요구했지만 액세스 권한이 없습니다. (0xc0000022)
[1116/143121.501:ERROR:exception_snapshot_win.cc(98)] thread ID 16860 not found in process
[1116/143352.138:ERROR:process_reader_win.cc(123)] NtOpenThread: {액세스 거부} 프로세스가 개체에 액세스를 요구했지만 액세스 권한이 없습니다. (0xc0000022)
[1116/143352.140:ERROR:exception_snapshot_win.cc(98)] thread ID 21160 not found in process
[1116/145404.937:ERROR:process_reader_win.cc(123)] NtOpenThread: {액세스 거부} 프로세스가 개체에 액세스를 요구했지만 액세스 권한이 없습니다. (0xc0000022)
[1116/145404.942:ERROR:exception_snapshot_win.cc(98)] thread ID 4984 not found in process
[1116/145935.479:ERROR:process_reader_win.cc(123)] NtOpenThread: {액세스 거부} 프로세스가 개체에 액세스를 요구했지만 액세스 권한이 없습니다. (0xc0000022)
[1116/145935.480:ERROR:exception_snapshot_win.cc(98)] thread ID 18212 not found in process
[1117/151310.520:ERROR:process_reader_win.cc(123)] NtOpenThread: {액세스 거부} 프로세스가 개체에 액세스를 요구했지만 액세스 권한이 없습니다. (0xc0000022)
[1117/151310.523:ERROR:exception_snapshot_win.cc(98)] thread ID 15588 not found in process
[1117/152027.363:ERROR:process_reader_win.cc(123)] NtOpenThread: {액세스 거부} 프로세스가 개체에 액세스를 요구했지만 액세스 권한이 없습니다. (0xc0000022)
[1117/152027.364:ERROR:exception_snapshot_win.cc(98)] thread ID 7412 not found in process
[1117/153747.700:ERROR:process_reader_win.cc(123)] NtOpenThread: {액세스 거부} 프로세스가 개체에 액세스를 요구했지만 액세스 권한이 없습니다. (0xc0000022)
[1117/153747.702:ERROR:exception_snapshot_win.cc(98)] thread ID 13076 not found in process
[1117/153843.879:ERROR:process_reader_win.cc(123)] NtOpenThread: {액세스 거부} 프로세스가 개체에 액세스를 요구했지만 액세스 권한이 없습니다. (0xc0000022)
[1117/153843.880:ERROR:exception_snapshot_win.cc(98)] thread ID 1380 not found in process
[1117/153929.835:ERROR:process_reader_win.cc(151)] SuspendThread: 액세스가 거부되었습니다. (0x5)
[1117/153929.837:ERROR:process_reader_win.cc(151)] SuspendThread: 액세스가 거부되었습니다. (0x5)
[1117/153929.837:ERROR:process_reader_win.cc(151)] SuspendThread: 액세스가 거부되었습니다. (0x5)
[1117/153929.837:ERROR:process_reader_win.cc(151)] SuspendThread: 액세스가 거부되었습니다. (0x5)
[1117/153929.837:ERROR:process_reader_win.cc(123)] NtOpenThread: {액세스 거부} 프로세스가 개체에 액세스를 요구했지만 액세스 권한이 없습니다. (0xc0000022)
[1117/153929.837:ERROR:exception_snapshot_win.cc(98)] thread ID 14772 not found in process
[1117/154627.273:ERROR:process_reader_win.cc(123)] NtOpenThread: {액세스 거부} 프로세스가 개체에 액세스를 요구했지만 액세스 권한이 없습니다. (0xc0000022)
[1117/154627.275:ERROR:exception_snapshot_win.cc(98)] thread ID 4148 not found in process
[1117/154729.815:ERROR:process_reader_win.cc(123)] NtOpenThread: {액세스 거부} 프로세스가 개체에 액세스를 요구했지만 액세스 권한이 없습니다. (0xc0000022)
[1117/154729.818:ERROR:exception_snapshot_win.cc(98)] thread ID 5412 not found in process
[1117/154957.505:ERROR:process_reader_win.cc(123)] NtOpenThread: {액세스 거부} 프로세스가 개체에 액세스를 요구했지만 액세스 권한이 없습니다. (0xc0000022)
[1117/154957.512:ERROR:exception_snapshot_win.cc(98)] thread ID 15476 not found in process
[1117/155114.506:ERROR:process_reader_win.cc(123)] NtOpenThread: {액세스 거부} 프로세스가 개체에 액세스를 요구했지만 액세스 권한이 없습니다. (0xc0000022)
[1117/155114.508:ERROR:exception_snapshot_win.cc(98)] thread ID 16484 not found in process
[1117/155923.249:ERROR:process_reader_win.cc(123)] NtOpenThread: {액세스 거부} 프로세스가 개체에 액세스를 요구했지만 액세스 권한이 없습니다. (0xc0000022)
[1117/155923.251:ERROR:exception_snapshot_win.cc(98)] thread ID 9508 not found in process
[1117/160230.024:ERROR:process_reader_win.cc(123)] NtOpenThread: {액세스 거부} 프로세스가 개체에 액세스를 요구했지만 액세스 권한이 없습니다. (0xc0000022)
[1117/160230.025:ERROR:exception_snapshot_win.cc(98)] thread ID 10400 not found in process
[1117/162505.756:ERROR:process_reader_win.cc(123)] NtOpenThread: {액세스 거부} 프로세스가 개체에 액세스를 요구했지만 액세스 권한이 없습니다. (0xc0000022)
[1117/162505.757:ERROR:exception_snapshot_win.cc(98)] thread ID 232 not found in process
[1117/162612.106:ERROR:process_reader_win.cc(151)] SuspendThread: 액세스가 거부되었습니다. (0x5)
[1117/162612.107:ERROR:process_reader_win.cc(151)] SuspendThread: 액세스가 거부되었습니다. (0x5)
[1117/162612.107:ERROR:process_reader_win.cc(151)] SuspendThread: 액세스가 거부되었습니다. (0x5)
[1117/162612.107:ERROR:process_reader_win.cc(151)] SuspendThread: 액세스가 거부되었습니다. (0x5)
[1117/162612.107:ERROR:process_reader_win.cc(151)] SuspendThread: 액세스가 거부되었습니다. (0x5)
[1117/162612.107:ERROR:process_reader_win.cc(123)] NtOpenThread: {액세스 거부} 프로세스가 개체에 액세스를 요구했지만 액세스 권한이 없습니다. (0xc0000022)
[1117/162612.108:ERROR:exception_snapshot_win.cc(98)] thread ID 17024 not found in process
[1117/172341.625:ERROR:process_reader_win.cc(123)] NtOpenThread: {액세스 거부} 프로세스가 개체에 액세스를 요구했지만 액세스 권한이 없습니다. (0xc0000022)
[1117/172341.625:ERROR:process_reader_win.cc(123)] NtOpenThread: {액세스 거부} 프로세스가 개체에 액세스를 요구했지만 액세스 권한이 없습니다. (0xc0000022)
[1117/172341.627:ERROR:exception_snapshot_win.cc(98)] thread ID 12588 not found in process
[1117/172341.627:ERROR:exception_snapshot_win.cc(98)] thread ID 1864 not found in process
[1117/172754.054:ERROR:process_reader_win.cc(123)] NtOpenThread: {액세스 거부} 프로세스가 개체에 액세스를 요구했지만 액세스 권한이 없습니다. (0xc0000022)
[1117/172754.057:ERROR:exception_snapshot_win.cc(98)] thread ID 17856 not found in process
[1117/172925.563:ERROR:process_reader_win.cc(123)] NtOpenThread: {액세스 거부} 프로세스가 개체에 액세스를 요구했지만 액세스 권한이 없습니다. (0xc0000022)
[1117/172925.565:ERROR:exception_snapshot_win.cc(98)] thread ID 12096 not found in process
[1117/173136.029:ERROR:process_reader_win.cc(123)] NtOpenThread: {액세스 거부} 프로세스가 개체에 액세스를 요구했지만 액세스 권한이 없습니다. (0xc0000022)
[1117/173136.032:ERROR:exception_snapshot_win.cc(98)] thread ID 3080 not found in process
[1117/182545.839:ERROR:process_reader_win.cc(151)] SuspendThread: 액세스가 거부되었습니다. (0x5)
[1117/182545.840:ERROR:process_reader_win.cc(151)] SuspendThread: 액세스가 거부되었습니다. (0x5)
[1117/182545.840:ERROR:process_reader_win.cc(151)] SuspendThread: 액세스가 거부되었습니다. (0x5)
[1117/182545.840:ERROR:process_reader_win.cc(151)] SuspendThread: 액세스가 거부되었습니다. (0x5)
[1117/182545.840:ERROR:process_reader_win.cc(123)] NtOpenThread: {액세스 거부} 프로세스가 개체에 액세스를 요구했지만 액세스 권한이 없습니다. (0xc0000022)
[1117/182545.841:ERROR:exception_snapshot_win.cc(98)] thread ID 6832 not found in process
[1117/182545.841:ERROR:process_reader_win.cc(151)] SuspendThread: 액세스가 거부되었습니다. (0x5)
[1117/182545.842:ERROR:process_reader_win.cc(151)] SuspendThread: 액세스가 거부되었습니다. (0x5)
[1117/182545.842:ERROR:process_reader_win.cc(151)] SuspendThread: 액세스가 거부되었습니다. (0x5)
[1117/182545.842:ERROR:process_reader_win.cc(151)] SuspendThread: 액세스가 거부되었습니다. (0x5)
[1117/182545.842:ERROR:process_reader_win.cc(123)] NtOpenThread: {액세스 거부} 프로세스가 개체에 액세스를 요구했지만 액세스 권한이 없습니다. (0xc0000022)
[1117/182545.843:ERROR:exception_snapshot_win.cc(98)] thread ID 7300 not found in process
[1117/182545.846:ERROR:process_reader_win.cc(151)] SuspendThread: 액세스가 거부되었습니다. (0x5)
[1117/182545.848:ERROR:process_reader_win.cc(151)] SuspendThread: 액세스가 거부되었습니다. (0x5)
[1117/182545.849:ERROR:process_reader_win.cc(151)] SuspendThread: 액세스가 거부되었습니다. (0x5)
[1117/182545.849:ERROR:process_reader_win.cc(151)] SuspendThread: 액세스가 거부되었습니다. (0x5)
[1117/182545.849:ERROR:process_reader_win.cc(123)] NtOpenThread: {액세스 거부} 프로세스가 개체에 액세스를 요구했지만 액세스 권한이 없습니다. (0xc0000022)
[1117/182545.852:ERROR:exception_snapshot_win.cc(98)] thread ID 19560 not found in process
[1117/194952.082:ERROR:process_reader_win.cc(123)] NtOpenThread: {액세스 거부} 프로세스가 개체에 액세스를 요구했지만 액세스 권한이 없습니다. (0xc0000022)
[1117/194952.083:ERROR:exception_snapshot_win.cc(98)] thread ID 21368 not found in process
[1117/200118.589:ERROR:process_reader_win.cc(123)] NtOpenThread: {액세스 거부} 프로세스가 개체에 액세스를 요구했지만 액세스 권한이 없습니다. (0xc0000022)
[1117/200118.590:ERROR:exception_snapshot_win.cc(98)] thread ID 21436 not found in process
[1117/203445.763:ERROR:process_reader_win.cc(123)] NtOpenThread: {액세스 거부} 프로세스가 개체에 액세스를 요구했지만 액세스 권한이 없습니다. (0xc0000022)
[1117/203445.765:ERROR:exception_snapshot_win.cc(98)] thread ID 16536 not found in process
[1117/203445.764:ERROR:process_reader_win.cc(151)] SuspendThread: 액세스가 거부되었습니다. (0x5)
[1117/203445.765:ERROR:process_reader_win.cc(151)] SuspendThread: 액세스가 거부되었습니다. (0x5)
[1117/203445.765:ERROR:process_reader_win.cc(151)] SuspendThread: 액세스가 거부되었습니다. (0x5)
[1117/203445.765:ERROR:process_reader_win.cc(123)] NtOpenThread: {액세스 거부} 프로세스가 개체에 액세스를 요구했지만 액세스 권한이 없습니다. (0xc0000022)
[1117/203445.766:ERROR:exception_snapshot_win.cc(98)] thread ID 8744 not found in process
[1117/205528.918:ERROR:process_reader_win.cc(151)] SuspendThread: 액세스가 거부되었습니다. (0x5)
[1117/205528.919:ERROR:process_reader_win.cc(123)] NtOpenThread: {액세스 거부} 프로세스가 개체에 액세스를 요구했지만 액세스 권한이 없습니다. (0xc0000022)
[1117/205528.920:ERROR:exception_snapshot_win.cc(98)] thread ID 18464 not found in process
[1117/205556.720:ERROR:process_reader_win.cc(123)] NtOpenThread: {액세스 거부} 프로세스가 개체에 액세스를 요구했지만 액세스 권한이 없습니다. (0xc0000022)
[1117/205556.722:ERROR:exception_snapshot_win.cc(98)] thread ID 12992 not found in process
[1117/211212.245:ERROR:process_reader_win.cc(123)] NtOpenThread: {액세스 거부} 프로세스가 개체에 액세스를 요구했지만 액세스 권한이 없습니다. (0xc0000022)
[1117/211212.252:ERROR:exception_snapshot_win.cc(98)] thread ID 1440 not found in process
[1117/211422.365:ERROR:process_reader_win.cc(123)] NtOpenThread: {액세스 거부} 프로세스가 개체에 액세스를 요구했지만 액세스 권한이 없습니다. (0xc0000022)
[1117/211422.367:ERROR:exception_snapshot_win.cc(98)] thread ID 18220 not found in process
[1117/211522.146:ERROR:process_reader_win.cc(123)] NtOpenThread: {액세스 거부} 프로세스가 개체에 액세스를 요구했지만 액세스 권한이 없습니다. (0xc0000022)
[1117/211522.147:ERROR:exception_snapshot_win.cc(98)] thread ID 15012 not found in process
[1117/211548.191:ERROR:process_reader_win.cc(123)] NtOpenThread: {액세스 거부} 프로세스가 개체에 액세스를 요구했지만 액세스 권한이 없습니다. (0xc0000022)
[1117/211548.195:ERROR:exception_snapshot_win.cc(98)] thread ID 16984 not found in process
[1117/211752.289:ERROR:process_reader_win.cc(123)] NtOpenThread: {액세스 거부} 프로세스가 개체에 액세스를 요구했지만 액세스 권한이 없습니다. (0xc0000022)
[1117/211752.298:ERROR:exception_snapshot_win.cc(98)] thread ID 17612 not found in process
[1117/212803.462:ERROR:process_reader_win.cc(123)] NtOpenThread: {액세스 거부} 프로세스가 개체에 액세스를 요구했지만 액세스 권한이 없습니다. (0xc0000022)
[1117/212803.465:ERROR:exception_snapshot_win.cc(98)] thread ID 11928 not found in process
[1117/214134.137:ERROR:process_reader_win.cc(123)] NtOpenThread: {액세스 거부} 프로세스가 개체에 액세스를 요구했지만 액세스 권한이 없습니다. (0xc0000022)
[1117/214134.138:ERROR:exception_snapshot_win.cc(98)] thread ID 20984 not found in process
[1117/214304.333:ERROR:process_reader_win.cc(123)] NtOpenThread: {액세스 거부} 프로세스가 개체에 액세스를 요구했지만 액세스 권한이 없습니다. (0xc0000022)
[1117/214304.336:ERROR:exception_snapshot_win.cc(98)] thread ID 16320 not found in process
[1117/214407.119:ERROR:process_reader_win.cc(123)] NtOpenThread: {액세스 거부} 프로세스가 개체에 액세스를 요구했지만 액세스 권한이 없습니다. (0xc0000022)
[1117/214407.120:ERROR:exception_snapshot_win.cc(98)] thread ID 12372 not found in process
[1117/214609.290:ERROR:process_reader_win.cc(123)] NtOpenThread: {액세스 거부} 프로세스가 개체에 액세스를 요구했지만 액세스 권한이 없습니다. (0xc0000022)
[1117/214609.291:ERROR:exception_snapshot_win.cc(98)] thread ID 15956 not found in process
[1117/215431.455:ERROR:process_reader_win.cc(151)] SuspendThread: 액세스가 거부되었습니다. (0x5)
[1117/215431.456:ERROR:process_reader_win.cc(151)] SuspendThread: 액세스가 거부되었습니다. (0x5)
[1117/215431.456:ERROR:process_reader_win.cc(151)] SuspendThread: 액세스가 거부되었습니다. (0x5)
[1117/215431.456:ERROR:process_reader_win.cc(151)] SuspendThread: 액세스가 거부되었습니다. (0x5)
[1117/215431.455:ERROR:process_reader_win.cc(151)] SuspendThread: 액세스가 거부되었습니다. (0x5)
[1117/215431.456:ERROR:process_reader_win.cc(151)] SuspendThread: 액세스가 거부되었습니다. (0x5)
[1117/215431.456:ERROR:process_reader_win.cc(151)] SuspendThread: 액세스가 거부되었습니다. (0x5)
[1117/215431.456:ERROR:process_reader_win.cc(151)] SuspendThread: 액세스가 거부되었습니다. (0x5)
[1117/215431.456:ERROR:process_reader_win.cc(123)] NtOpenThread: {액세스 거부} 프로세스가 개체에 액세스를 요구했지만 액세스 권한이 없습니다. (0xc0000022)
[1117/215431.456:ERROR:process_reader_win.cc(151)] SuspendThread: 액세스가 거부되었습니다. (0x5)
[1117/215431.456:ERROR:exception_snapshot_win.cc(98)] thread ID 17632 not found in process
[1117/215431.456:ERROR:process_reader_win.cc(123)] NtOpenThread: {액세스 거부} 프로세스가 개체에 액세스를 요구했지만 액세스 권한이 없습니다. (0xc0000022)
[1117/215431.457:ERROR:exception_snapshot_win.cc(98)] thread ID 21200 not found in process
[1117/215503.686:ERROR:process_reader_win.cc(123)] NtOpenThread: {액세스 거부} 프로세스가 개체에 액세스를 요구했지만 액세스 권한이 없습니다. (0xc0000022)
[1117/215503.689:ERROR:exception_snapshot_win.cc(98)] thread ID 15088 not found in process
[1117/215620.385:ERROR:process_reader_win.cc(123)] NtOpenThread: {액세스 거부} 프로세스가 개체에 액세스를 요구했지만 액세스 권한이 없습니다. (0xc0000022)
[1117/215620.387:ERROR:exception_snapshot_win.cc(98)] thread ID 2956 not found in process
[1117/215647.157:ERROR:process_reader_win.cc(123)] NtOpenThread: {액세스 거부} 프로세스가 개체에 액세스를 요구했지만 액세스 권한이 없습니다. (0xc0000022)
[1117/215647.161:ERROR:exception_snapshot_win.cc(98)] thread ID 8228 not found in process
[1117/215737.208:ERROR:process_reader_win.cc(123)] NtOpenThread: {액세스 거부} 프로세스가 개체에 액세스를 요구했지만 액세스 권한이 없습니다. (0xc0000022)
[1117/215737.211:ERROR:exception_snapshot_win.cc(98)] thread ID 18424 not found in process
[1117/215959.377:ERROR:process_reader_win.cc(123)] NtOpenThread: {액세스 거부} 프로세스가 개체에 액세스를 요구했지만 액세스 권한이 없습니다. (0xc0000022)
[1117/215959.379:ERROR:exception_snapshot_win.cc(98)] thread ID 2864 not found in process
[1117/220120.445:ERROR:process_reader_win.cc(123)] NtOpenThread: {액세스 거부} 프로세스가 개체에 액세스를 요구했지만 액세스 권한이 없습니다. (0xc0000022)
[1117/220120.446:ERROR:exception_snapshot_win.cc(98)] thread ID 12376 not found in process
[1117/220751.508:ERROR:process_reader_win.cc(123)] NtOpenThread: {액세스 거부} 프로세스가 개체에 액세스를 요구했지만 액세스 권한이 없습니다. (0xc0000022)
[1117/220751.510:ERROR:exception_snapshot_win.cc(98)] thread ID 18808 not found in process
[1117/222043.439:ERROR:process_reader_win.cc(123)] NtOpenThread: {액세스 거부} 프로세스가 개체에 액세스를 요구했지만 액세스 권한이 없습니다. (0xc0000022)
[1117/222043.439:ERROR:process_reader_win.cc(123)] NtOpenThread: {액세스 거부} 프로세스가 개체에 액세스를 요구했지만 액세스 권한이 없습니다. (0xc0000022)
[1117/222043.441:ERROR:exception_snapshot_win.cc(98)] thread ID 7984 not found in process
[1117/222043.441:ERROR:exception_snapshot_win.cc(98)] thread ID 20488 not found in process
[1117/222841.472:ERROR:process_reader_win.cc(151)] SuspendThread: 액세스가 거부되었습니다. (0x5)
[1117/222841.474:ERROR:process_reader_win.cc(151)] SuspendThread: 액세스가 거부되었습니다. (0x5)
[1117/222841.474:ERROR:process_reader_win.cc(151)] SuspendThread: 액세스가 거부되었습니다. (0x5)
[1117/222841.474:ERROR:process_reader_win.cc(123)] NtOpenThread: {액세스 거부} 프로세스가 개체에 액세스를 요구했지만 액세스 권한이 없습니다. (0xc0000022)
[1117/222841.474:ERROR:exception_snapshot_win.cc(98)] thread ID 21432 not found in process
[1117/222841.472:ERROR:process_reader_win.cc(151)] SuspendThread: 액세스가 거부되었습니다. (0x5)
[1117/222841.476:ERROR:process_reader_win.cc(151)] SuspendThread: 액세스가 거부되었습니다. (0x5)
[1117/222841.476:ERROR:process_reader_win.cc(151)] SuspendThread: 액세스가 거부되었습니다. (0x5)
[1117/222841.476:ERROR:process_reader_win.cc(151)] SuspendThread: 액세스가 거부되었습니다. (0x5)
[1117/222841.476:ERROR:process_reader_win.cc(151)] SuspendThread: 액세스가 거부되었습니다. (0x5)
[1117/222841.476:ERROR:process_reader_win.cc(151)] SuspendThread: 액세스가 거부되었습니다. (0x5)
[1117/222841.476:ERROR:process_reader_win.cc(123)] NtOpenThread: {액세스 거부} 프로세스가 개체에 액세스를 요구했지만 액세스 권한이 없습니다. (0xc0000022)
[1117/222841.476:ERROR:exception_snapshot_win.cc(98)] thread ID 20288 not found in process
[1117/222914.814:ERROR:process_reader_win.cc(123)] NtOpenThread: {액세스 거부} 프로세스가 개체에 액세스를 요구했지만 액세스 권한이 없습니다. (0xc0000022)
[1117/222914.816:ERROR:exception_snapshot_win.cc(98)] thread ID 10912 not found in process
[1117/223104.424:ERROR:process_reader_win.cc(151)] SuspendThread: 액세스가 거부되었습니다. (0x5)
[1117/223104.426:ERROR:process_reader_win.cc(151)] SuspendThread: 액세스가 거부되었습니다. (0x5)
[1117/223104.426:ERROR:process_reader_win.cc(151)] SuspendThread: 액세스가 거부되었습니다. (0x5)
[1117/223104.425:ERROR:process_reader_win.cc(151)] SuspendThread: 액세스가 거부되었습니다. (0x5)
[1117/223104.426:ERROR:process_reader_win.cc(123)] NtOpenThread: {액세스 거부} 프로세스가 개체에 액세스를 요구했지만 액세스 권한이 없습니다. (0xc0000022)
[1117/223104.426:ERROR:exception_snapshot_win.cc(98)] thread ID 22252 not found in process
[1117/223104.426:ERROR:process_reader_win.cc(151)] SuspendThread: 액세스가 거부되었습니다. (0x5)
[1117/223104.426:ERROR:process_reader_win.cc(151)] SuspendThread: 액세스가 거부되었습니다. (0x5)
[1117/223104.426:ERROR:process_reader_win.cc(123)] NtOpenThread: {액세스 거부} 프로세스가 개체에 액세스를 요구했지만 액세스 권한이 없습니다. (0xc0000022)
[1117/223104.427:ERROR:exception_snapshot_win.cc(98)] thread ID 15016 not found in process
[1117/223347.224:ERROR:process_reader_win.cc(123)] NtOpenThread: {액세스 거부} 프로세스가 개체에 액세스를 요구했지만 액세스 권한이 없습니다. (0xc0000022)
[1117/223347.225:ERROR:exception_snapshot_win.cc(98)] thread ID 22412 not found in process
[1117/223430.780:ERROR:process_reader_win.cc(123)] NtOpenThread: {액세스 거부} 프로세스가 개체에 액세스를 요구했지만 액세스 권한이 없습니다. (0xc0000022)
[1117/223430.782:ERROR:exception_snapshot_win.cc(98)] thread ID 18516 not found in process
[1117/223505.230:ERROR:process_reader_win.cc(123)] NtOpenThread: {액세스 거부} 프로세스가 개체에 액세스를 요구했지만 액세스 권한이 없습니다. (0xc0000022)
[1117/223505.231:ERROR:exception_snapshot_win.cc(98)] thread ID 10676 not found in process
[1117/223722.486:ERROR:process_reader_win.cc(123)] NtOpenThread: {액세스 거부} 프로세스가 개체에 액세스를 요구했지만 액세스 권한이 없습니다. (0xc0000022)
[1117/223722.494:ERROR:exception_snapshot_win.cc(98)] thread ID 21672 not found in process
[1117/223857.950:ERROR:process_reader_win.cc(123)] NtOpenThread: {액세스 거부} 프로세스가 개체에 액세스를 요구했지만 액세스 권한이 없습니다. (0xc0000022)
[1117/223857.953:ERROR:exception_snapshot_win.cc(98)] thread ID 22500 not found in process
[1117/234511.875:ERROR:process_reader_win.cc(151)] SuspendThread: 액세스가 거부되었습니다. (0x5)
[1117/234511.882:ERROR:process_reader_win.cc(151)] SuspendThread: 액세스가 거부되었습니다. (0x5)
[1117/234511.882:ERROR:process_reader_win.cc(151)] SuspendThread: 액세스가 거부되었습니다. (0x5)
[1117/234511.882:ERROR:process_reader_win.cc(151)] SuspendThread: 액세스가 거부되었습니다. (0x5)
[1117/234511.882:ERROR:process_reader_win.cc(151)] SuspendThread: 액세스가 거부되었습니다. (0x5)
[1117/234511.882:ERROR:process_reader_win.cc(151)] SuspendThread: 액세스가 거부되었습니다. (0x5)
[1117/234511.882:ERROR:process_reader_win.cc(151)] SuspendThread: 액세스가 거부되었습니다. (0x5)
[1117/234511.882:ERROR:process_reader_win.cc(151)] SuspendThread: 액세스가 거부되었습니다. (0x5)
[1117/234511.882:ERROR:process_reader_win.cc(151)] SuspendThread: 액세스가 거부되었습니다. (0x5)
[1117/234511.883:ERROR:process_reader_win.cc(151)] SuspendThread: 액세스가 거부되었습니다. (0x5)
[1117/234511.883:ERROR:process_reader_win.cc(151)] SuspendThread: 액세스가 거부되었습니다. (0x5)
[1117/234511.883:ERROR:process_reader_win.cc(151)] SuspendThread: 액세스가 거부되었습니다. (0x5)
[1117/234511.883:ERROR:process_reader_win.cc(151)] SuspendThread: 액세스가 거부되었습니다. (0x5)
[1117/234511.883:ERROR:process_reader_win.cc(151)] SuspendThread: 액세스가 거부되었습니다. (0x5)
[1117/234511.883:ERROR:process_reader_win.cc(151)] SuspendThread: 액세스가 거부되었습니다. (0x5)
[1117/234511.883:ERROR:process_reader_win.cc(151)] SuspendThread: 액세스가 거부되었습니다. (0x5)
[1117/234511.883:ERROR:process_reader_win.cc(151)] SuspendThread: 액세스가 거부되었습니다. (0x5)
[1117/234511.883:ERROR:process_reader_win.cc(151)] SuspendThread: 액세스가 거부되었습니다. (0x5)
[1117/234511.883:ERROR:process_reader_win.cc(123)] NtOpenThread: {액세스 거부} 프로세스가 개체에 액세스를 요구했지만 액세스 권한이 없습니다. (0xc0000022)
[1117/234511.891:ERROR:exception_snapshot_win.cc(98)] thread ID 15536 not found in process
[1117/234511.887:ERROR:process_reader_win.cc(151)] SuspendThread: 액세스가 거부되었습니다. (0x5)
[1117/234511.894:ERROR:process_reader_win.cc(151)] SuspendThread: 액세스가 거부되었습니다. (0x5)
[1117/234511.894:ERROR:process_reader_win.cc(151)] SuspendThread: 액세스가 거부되었습니다. (0x5)
[1117/234511.894:ERROR:process_reader_win.cc(123)] NtOpenThread: {액세스 거부} 프로세스가 개체에 액세스를 요구했지만 액세스 권한이 없습니다. (0xc0000022)
[1117/234511.896:ERROR:exception_snapshot_win.cc(98)] thread ID 13352 not found in process
[1117/234559.426:ERROR:process_reader_win.cc(123)] NtOpenThread: {액세스 거부} 프로세스가 개체에 액세스를 요구했지만 액세스 권한이 없습니다. (0xc0000022)
[1117/234559.430:ERROR:exception_snapshot_win.cc(98)] thread ID 13064 not found in process
[1117/234704.803:ERROR:process_reader_win.cc(123)] NtOpenThread: {액세스 거부} 프로세스가 개체에 액세스를 요구했지만 액세스 권한이 없습니다. (0xc0000022)
[1117/234704.804:ERROR:exception_snapshot_win.cc(98)] thread ID 15988 not found in process
[1117/234830.590:ERROR:process_reader_win.cc(123)] NtOpenThread: {액세스 거부} 프로세스가 개체에 액세스를 요구했지만 액세스 권한이 없습니다. (0xc0000022)
[1117/234830.593:ERROR:exception_snapshot_win.cc(98)] thread ID 6024 not found in process
[1117/235641.623:ERROR:process_reader_win.cc(123)] NtOpenThread: {액세스 거부} 프로세스가 개체에 액세스를 요구했지만 액세스 권한이 없습니다. (0xc0000022)
[1117/235641.630:ERROR:exception_snapshot_win.cc(98)] thread ID 8048 not found in process
[1118/003350.284:ERROR:process_reader_win.cc(151)] SuspendThread: 액세스가 거부되었습니다. (0x5)
[1118/003350.289:ERROR:process_reader_win.cc(151)] SuspendThread: 액세스가 거부되었습니다. (0x5)
[1118/003350.290:ERROR:process_reader_win.cc(151)] SuspendThread: 액세스가 거부되었습니다. (0x5)
[1118/003350.290:ERROR:process_reader_win.cc(123)] NtOpenThread: {액세스 거부} 프로세스가 개체에 액세스를 요구했지만 액세스 권한이 없습니다. (0xc0000022)
[1118/003350.300:ERROR:exception_snapshot_win.cc(98)] thread ID 13564 not found in process
[1118/003950.984:ERROR:process_reader_win.cc(123)] NtOpenThread: {액세스 거부} 프로세스가 개체에 액세스를 요구했지만 액세스 권한이 없습니다. (0xc0000022)
[1118/003950.987:ERROR:exception_snapshot_win.cc(98)] thread ID 8872 not found in process
[1118/080730.553:ERROR:process_reader_win.cc(123)] NtOpenThread: {액세스 거부} 프로세스가 개체에 액세스를 요구했지만 액세스 권한이 없습니다. (0xc0000022)
[1118/080730.562:ERROR:exception_snapshot_win.cc(98)] thread ID 10804 not found in process
[1118/084455.376:ERROR:process_reader_win.cc(123)] NtOpenThread: {액세스 거부} 프로세스가 개체에 액세스를 요구했지만 액세스 권한이 없습니다. (0xc0000022)
[1118/084455.381:ERROR:exception_snapshot_win.cc(98)] thread ID 5464 not found in process
[1118/203422.341:ERROR:process_reader_win.cc(123)] NtOpenThread: {액세스 거부} 프로세스가 개체에 액세스를 요구했지만 액세스 권한이 없습니다. (0xc0000022)
[1118/203422.343:ERROR:exception_snapshot_win.cc(98)] thread ID 9644 not found in process
[1118/211738.817:ERROR:process_reader_win.cc(151)] SuspendThread: 액세스가 거부되었습니다. (0x5)
[1118/211738.818:ERROR:process_reader_win.cc(151)] SuspendThread: 액세스가 거부되었습니다. (0x5)
[1118/211738.818:ERROR:process_reader_win.cc(151)] SuspendThread: 액세스가 거부되었습니다. (0x5)
[1118/211738.818:ERROR:process_reader_win.cc(151)] SuspendThread: 액세스가 거부되었습니다. (0x5)
[1118/211738.818:ERROR:process_reader_win.cc(123)] NtOpenThread: {액세스 거부} 프로세스가 개체에 액세스를 요구했지만 액세스 권한이 없습니다. (0xc0000022)
[1118/211738.819:ERROR:exception_snapshot_win.cc(98)] thread ID 2944 not found in process
[1118/211738.818:ERROR:process_reader_win.cc(151)] SuspendThread: 액세스가 거부되었습니다. (0x5)
[1118/211738.820:ERROR:process_reader_win.cc(151)] SuspendThread: 액세스가 거부되었습니다. (0x5)
[1118/211738.820:ERROR:process_reader_win.cc(151)] SuspendThread: 액세스가 거부되었습니다. (0x5)
[1118/211738.820:ERROR:process_reader_win.cc(151)] SuspendThread: 액세스가 거부되었습니다. (0x5)
[1118/211738.820:ERROR:process_reader_win.cc(123)] NtOpenThread: {액세스 거부} 프로세스가 개체에 액세스를 요구했지만 액세스 권한이 없습니다. (0xc0000022)
[1118/211738.820:ERROR:exception_snapshot_win.cc(98)] thread ID 8248 not found in process
[1118/211738.852:ERROR:process_reader_win.cc(123)] NtOpenThread: {액세스 거부} 프로세스가 개체에 액세스를 요구했지만 액세스 권한이 없습니다. (0xc0000022)
[1118/211738.853:ERROR:exception_snapshot_win.cc(98)] thread ID 3592 not found in process
[1118/212120.533:ERROR:process_reader_win.cc(123)] NtOpenThread: {액세스 거부} 프로세스가 개체에 액세스를 요구했지만 액세스 권한이 없습니다. (0xc0000022)
[1118/212120.534:ERROR:exception_snapshot_win.cc(98)] thread ID 13996 not found in process
[1118/212431.893:ERROR:process_reader_win.cc(123)] NtOpenThread: {액세스 거부} 프로세스가 개체에 액세스를 요구했지만 액세스 권한이 없습니다. (0xc0000022)
[1118/212431.894:ERROR:exception_snapshot_win.cc(98)] thread ID 15624 not found in process
[1118/224153.777:ERROR:process_reader_win.cc(123)] NtOpenThread: {액세스 거부} 프로세스가 개체에 액세스를 요구했지만 액세스 권한이 없습니다. (0xc0000022)
[1118/224153.778:ERROR:exception_snapshot_win.cc(98)] thread ID 15200 not found in process
[1119/122511.181:ERROR:process_reader_win.cc(123)] NtOpenThread: {액세스 거부} 프로세스가 개체에 액세스를 요구했지만 액세스 권한이 없습니다. (0xc0000022)
[1119/122511.187:ERROR:exception_snapshot_win.cc(98)] thread ID 17240 not found in process
[1120/011153.820:ERROR:process_reader_win.cc(123)] NtOpenThread: {액세스 거부} 프로세스가 개체에 액세스를 요구했지만 액세스 권한이 없습니다. (0xc0000022)
[1120/011153.828:ERROR:exception_snapshot_win.cc(98)] thread ID 10312 not found in process
[1121/225122.265:ERROR:process_reader_win.cc(123)] NtOpenThread: {액세스 거부} 프로세스가 개체에 액세스를 요구했지만 액세스 권한이 없습니다. (0xc0000022)
[1121/225122.265:ERROR:exception_snapshot_win.cc(98)] thread ID 12384 not found in process
[1121/225245.359:ERROR:process_reader_win.cc(123)] NtOpenThread: {액세스 거부} 프로세스가 개체에 액세스를 요구했지만 액세스 권한이 없습니다. (0xc0000022)
[1121/225245.365:ERROR:exception_snapshot_win.cc(98)] thread ID 15436 not found in process
[1123/195415.681:ERROR:process_reader_win.cc(123)] NtOpenThread: {액세스 거부} 프로세스가 개체에 액세스를 요구했지만 액세스 권한이 없습니다. (0xc0000022)
[1123/195415.681:ERROR:exception_snapshot_win.cc(98)] thread ID 11260 not found in process
[1123/195428.064:ERROR:process_reader_win.cc(123)] NtOpenThread: {액세스 거부} 프로세스가 개체에 액세스를 요구했지만 액세스 권한이 없습니다. (0xc0000022)
[1123/195428.064:ERROR:exception_snapshot_win.cc(98)] thread ID 12812 not found in process
[1124/004927.386:ERROR:process_reader_win.cc(123)] NtOpenThread: {액세스 거부} 프로세스가 개체에 액세스를 요구했지만 액세스 권한이 없습니다. (0xc0000022)
[1124/004927.386:ERROR:exception_snapshot_win.cc(98)] thread ID 16060 not found in process
